master_addr is only used for static rdzv_backend and when rdzv_endpoint is not specified.
compatible checkpoint load | loaded=284 | skipped=0 | missing=10 | unexpected=0
first missing keys: skip_gate_d4.gamma, skip_gate_d4.skip_proj.weight, skip_gate_d4.gate_proj.weight, skip_gate_d4.psi.1.weight, skip_gate_d4.psi.1.bias, skip_gate_d3.gamma, skip_gate_d3.skip_proj.weight, skip_gate_d3.gate_proj.weight, skip_gate_d3.psi.1.weight, skip_gate_d3.psi.1.bias
compatible checkpoint load | loaded=284 | skipped=0 | missing=10 | unexpected=0
first missing keys: skip_gate_d4.gamma, skip_gate_d4.skip_proj.weight, skip_gate_d4.gate_proj.weight, skip_gate_d4.psi.1.weight, skip_gate_d4.psi.1.bias, skip_gate_d3.gamma, skip_gate_d3.skip_proj.weight, skip_gate_d3.gate_proj.weight, skip_gate_d3.psi.1.weight, skip_gate_d3.psi.1.bias
compatible checkpoint load | loaded=284 | skipped=0 | missing=10 | unexpected=0
first missing keys: skip_gate_d4.gamma, skip_gate_d4.skip_proj.weight, skip_gate_d4.gate_proj.weight, skip_gate_d4.psi.1.weight, skip_gate_d4.psi.1.bias, skip_gate_d3.gamma, skip_gate_d3.skip_proj.weight, skip_gate_d3.gate_proj.weight, skip_gate_d3.psi.1.weight, skip_gate_d3.psi.1.bias
compatible checkpoint load | loaded=284 | skipped=0 | missing=10 | unexpected=0
first missing keys: skip_gate_d4.gamma, skip_gate_d4.skip_proj.weight, skip_gate_d4.gate_proj.weight, skip_gate_d4.psi.1.weight, skip_gate_d4.psi.1.bias, skip_gate_d3.gamma, skip_gate_d3.skip_proj.weight, skip_gate_d3.gate_proj.weight, skip_gate_d3.psi.1.weight, skip_gate_d3.psi.1.bias
device = cuda:0
parallel = {'ddp': True, 'requested': True, 'device_type': 'cuda', 'rank': 0, 'local_rank': 0, 'world_size': 4, 'backend': 'nccl', 'find_unused_parameters': False}
stage1_checkpoint = /mimer/NOBACKUP/groups/smart-rail/Yi Yang/CV_contact_wire/UNET_two_stage/outputs/experiments/811_fixed_split/stage1_s20260515/stage1/best_stage1.pt
defect_train_count = 371
defect_val_count = 47
normal_train_count = 274
normal_val_count = 34
stage2_native_size = True
val_native_batch_summary = [{"image_size": "3840x2160", "count": 47, "batch_size": 4, "rank": 0, "num_replicas": 1}, {"image_size": "640x640", "count": 34, "batch_size": 80, "rank": 0, "num_replicas": 1}]
train_eval_postprocess_search = False
train_eval_threshold = 0.5
train_eval_min_area = 0
save_dir = /mimer/NOBACKUP/groups/smart-rail/Yi Yang/CV_contact_wire/UNET_two_stage/outputs/experiments/811_fixed_split/phase2_architecture_full_single_seed/811_m4_skip_d4d3_s20260515/stage2
train_native_batch_summary = [{"image_size": "3840x2160", "count": 94, "batch_size": 4, "rank": 0, "num_replicas": 4}, {"image_size": "640x640", "count": 68, "batch_size": 80, "rank": 0, "num_replicas": 4}]
epoch 1/50 | random_normal=274 | hard_normal=0/0 | hard_pool=0 | train_loss=0.645170 | defect_dice=0.324242 | defect_iou=0.208425 | defect_recall=0.978723 | normal_fpr=1.000000 | normal_fp=34/34 | thr=0.50 | min_area=0 | stage2_score=-1.475758 | lr_encoder=2.000000e-05 | lr_decoder=1.000000e-04
epoch 2/50 | random_normal=274 | hard_normal=0/0 | hard_pool=0 | train_loss=0.631643 | defect_dice=0.359926 | defect_iou=0.239722 | defect_recall=0.978723 | normal_fpr=0.882353 | normal_fp=30/34 | thr=0.50 | min_area=0 | stage2_score=-1.204780 | lr_encoder=2.000000e-05 | lr_decoder=1.000000e-04
epoch 3/50 | random_normal=223 | hard_normal=148/148 | hard_pool=244 | train_loss=0.624336 | defect_dice=0.470549 | defect_iou=0.338475 | defect_recall=0.936170 | normal_fpr=0.823529 | normal_fp=28/34 | thr=0.50 | min_area=0 | stage2_score=-0.976510 | lr_encoder=2.000000e-05 | lr_decoder=1.000000e-04
epoch 4/50 | random_normal=223 | hard_normal=148/148 | hard_pool=244 | train_loss=0.616868 | defect_dice=0.423153 | defect_iou=0.282843 | defect_recall=1.000000 | normal_fpr=0.882353 | normal_fp=30/34 | thr=0.50 | min_area=0 | stage2_score=-1.141553 | lr_encoder=2.000000e-05 | lr_decoder=1.000000e-04
epoch 5/50 | random_normal=223 | hard_normal=148/148 | hard_pool=244 | train_loss=0.612024 | defect_dice=0.646690 | defect_iou=0.504305 | defect_recall=0.978723 | normal_fpr=0.823529 | normal_fp=28/34 | thr=0.50 | min_area=0 | stage2_score=-0.800368 | lr_encoder=2.000000e-05 | lr_decoder=1.000000e-04
epoch 6/50 | random_normal=223 | hard_normal=148/148 | hard_pool=244 | train_loss=0.606189 | defect_dice=0.578368 | defect_iou=0.436671 | defect_recall=0.957447 | normal_fpr=0.794118 | normal_fp=27/34 | thr=0.50 | min_area=0 | stage2_score=-0.809867 | lr_encoder=2.000000e-05 | lr_decoder=1.000000e-04
epoch 7/50 | random_normal=223 | hard_normal=148/148 | hard_pool=211 | train_loss=0.601206 | defect_dice=0.669765 | defect_iou=0.524132 | defect_recall=1.000000 | normal_fpr=0.764706 | normal_fp=26/34 | thr=0.50 | min_area=0 | stage2_score=-0.659646 | lr_encoder=2.000000e-05 | lr_decoder=1.000000e-04
epoch 8/50 | random_normal=223 | hard_normal=148/148 | hard_pool=211 | train_loss=0.596541 | defect_dice=0.621944 | defect_iou=0.472843 | defect_recall=0.978723 | normal_fpr=0.823529 | normal_fp=28/34 | thr=0.50 | min_area=0 | stage2_score=-0.825115 | lr_encoder=2.000000e-05 | lr_decoder=1.000000e-04
epoch 9/50 | random_normal=223 | hard_normal=148/148 | hard_pool=223 | train_loss=0.591453 | defect_dice=0.573304 | defect_iou=0.420932 | defect_recall=1.000000 | normal_fpr=0.823529 | normal_fp=28/34 | thr=0.50 | min_area=0 | stage2_score=-0.873755 | lr_encoder=2.000000e-05 | lr_decoder=1.000000e-04
epoch 10/50 | random_normal=223 | hard_normal=148/148 | hard_pool=223 | train_loss=0.589260 | defect_dice=0.559660 | defect_iou=0.417449 | defect_recall=0.978723 | normal_fpr=0.705882 | normal_fp=24/34 | thr=0.50 | min_area=0 | stage2_score=-0.652105 | lr_encoder=2.000000e-05 | lr_decoder=1.000000e-04
epoch 11/50 | random_normal=223 | hard_normal=148/148 | hard_pool=168 | train_loss=0.584406 | defect_dice=0.466863 | defect_iou=0.328361 | defect_recall=0.978723 | normal_fpr=0.882353 | normal_fp=30/34 | thr=0.50 | min_area=0 | stage2_score=-1.097843 | lr_encoder=2.000000e-05 | lr_decoder=1.000000e-04
epoch 12/50 | random_normal=223 | hard_normal=148/148 | hard_pool=168 | train_loss=0.579576 | defect_dice=0.616872 | defect_iou=0.482548 | defect_recall=0.957447 | normal_fpr=0.705882 | normal_fp=24/34 | thr=0.50 | min_area=0 | stage2_score=-0.594893 | lr_encoder=2.000000e-05 | lr_decoder=1.000000e-04
epoch 13/50 | random_normal=223 | hard_normal=148/148 | hard_pool=185 | train_loss=0.573496 | defect_dice=0.517222 | defect_iou=0.373291 | defect_recall=1.000000 | normal_fpr=0.911765 | normal_fp=31/34 | thr=0.50 | min_area=0 | stage2_score=-1.106307 | lr_encoder=2.000000e-05 | lr_decoder=1.000000e-04
epoch 14/50 | random_normal=223 | hard_normal=148/148 | hard_pool=185 | train_loss=0.570183 | defect_dice=0.592002 | defect_iou=0.447868 | defect_recall=0.978723 | normal_fpr=0.823529 | normal_fp=28/34 | thr=0.50 | min_area=0 | stage2_score=-0.855057 | lr_encoder=2.000000e-05 | lr_decoder=1.000000e-04
epoch 15/50 | random_normal=223 | hard_normal=148/148 | hard_pool=225 | train_loss=0.565645 | defect_dice=0.606987 | defect_iou=0.456850 | defect_recall=1.000000 | normal_fpr=0.823529 | normal_fp=28/34 | thr=0.50 | min_area=0 | stage2_score=-0.840072 | lr_encoder=2.000000e-05 | lr_decoder=1.000000e-04
epoch 16/50 | random_normal=223 | hard_normal=148/148 | hard_pool=225 | train_loss=0.562498 | defect_dice=0.378363 | defect_iou=0.276004 | defect_recall=0.702128 | normal_fpr=0.352941 | normal_fp=12/34 | thr=0.50 | min_area=0 | stage2_score=-0.127520 | lr_encoder=2.000000e-05 | lr_decoder=1.000000e-04
epoch 17/50 | random_normal=223 | hard_normal=148/148 | hard_pool=113 | train_loss=0.559760 | defect_dice=0.506379 | defect_iou=0.360359 | defect_recall=1.000000 | normal_fpr=0.823529 | normal_fp=28/34 | thr=0.50 | min_area=0 | stage2_score=-0.940680 | lr_encoder=2.000000e-05 | lr_decoder=1.000000e-04
epoch 18/50 | random_normal=223 | hard_normal=148/148 | hard_pool=113 | train_loss=0.555752 | defect_dice=0.594740 | defect_iou=0.443478 | defect_recall=0.978723 | normal_fpr=0.647059 | normal_fp=22/34 | thr=0.50 | min_area=0 | stage2_score=-0.499377 | lr_encoder=2.000000e-05 | lr_decoder=1.000000e-04
epoch 19/50 | random_normal=223 | hard_normal=148/148 | hard_pool=177 | train_loss=0.552690 | defect_dice=0.669788 | defect_iou=0.528468 | defect_recall=0.978723 | normal_fpr=0.529412 | normal_fp=18/34 | thr=0.50 | min_area=0 | stage2_score=-0.189035 | lr_encoder=2.000000e-05 | lr_decoder=1.000000e-04
epoch 20/50 | random_normal=223 | hard_normal=148/148 | hard_pool=177 | train_loss=0.549862 | defect_dice=0.611834 | defect_iou=0.463796 | defect_recall=0.978723 | normal_fpr=0.676471 | normal_fp=23/34 | thr=0.50 | min_area=0 | stage2_score=-0.541107 | lr_encoder=2.000000e-05 | lr_decoder=1.000000e-04
epoch 21/50 | random_normal=223 | hard_normal=148/148 | hard_pool=187 | train_loss=0.545178 | defect_dice=0.687515 | defect_iou=0.553213 | defect_recall=0.957447 | normal_fpr=0.323529 | normal_fp=11/34 | thr=0.50 | min_area=0 | stage2_score=0.240456 | lr_encoder=2.000000e-05 | lr_decoder=1.000000e-04
epoch 22/50 | random_normal=223 | hard_normal=148/148 | hard_pool=187 | train_loss=0.542283 | defect_dice=0.563819 | defect_iou=0.409421 | defect_recall=1.000000 | normal_fpr=0.794118 | normal_fp=27/34 | thr=0.50 | min_area=0 | stage2_score=-0.824416 | lr_encoder=2.000000e-05 | lr_decoder=1.000000e-04
epoch 23/50 | random_normal=223 | hard_normal=148/148 | hard_pool=234 | train_loss=0.539884 | defect_dice=0.680952 | defect_iou=0.542493 | defect_recall=0.957447 | normal_fpr=0.382353 | normal_fp=13/34 | thr=0.50 | min_area=0 | stage2_score=0.116246 | lr_encoder=2.000000e-05 | lr_decoder=1.000000e-04
epoch 24/50 | random_normal=223 | hard_normal=148/148 | hard_pool=234 | train_loss=0.536267 | defect_dice=0.644446 | defect_iou=0.494460 | defect_recall=0.978723 | normal_fpr=0.558824 | normal_fp=19/34 | thr=0.50 | min_area=0 | stage2_score=-0.273201 | lr_encoder=2.000000e-05 | lr_decoder=1.000000e-04
epoch 25/50 | random_normal=223 | hard_normal=148/148 | hard_pool=123 | train_loss=0.532744 | defect_dice=0.699976 | defect_iou=0.558069 | defect_recall=0.978723 | normal_fpr=0.352941 | normal_fp=12/34 | thr=0.50 | min_area=0 | stage2_score=0.194094 | lr_encoder=2.000000e-05 | lr_decoder=1.000000e-04
epoch 26/50 | random_normal=223 | hard_normal=148/148 | hard_pool=123 | train_loss=0.530938 | defect_dice=0.656816 | defect_iou=0.510946 | defect_recall=1.000000 | normal_fpr=0.617647 | normal_fp=21/34 | thr=0.50 | min_area=0 | stage2_score=-0.378478 | lr_encoder=2.000000e-05 | lr_decoder=1.000000e-04
epoch 27/50 | random_normal=223 | hard_normal=148/148 | hard_pool=171 | train_loss=0.528637 | defect_dice=0.646197 | defect_iou=0.493622 | defect_recall=1.000000 | normal_fpr=0.794118 | normal_fp=27/34 | thr=0.50 | min_area=0 | stage2_score=-0.742038 | lr_encoder=1.000000e-05 | lr_decoder=5.000000e-05
epoch 28/50 | random_normal=223 | hard_normal=148/148 | hard_pool=171 | train_loss=0.528391 | defect_dice=0.658563 | defect_iou=0.523646 | defect_recall=0.957447 | normal_fpr=0.411765 | normal_fp=14/34 | thr=0.50 | min_area=0 | stage2_score=0.035034 | lr_encoder=1.000000e-05 | lr_decoder=5.000000e-05
epoch 29/50 | random_normal=223 | hard_normal=148/148 | hard_pool=100 | train_loss=0.526358 | defect_dice=0.642423 | defect_iou=0.490744 | defect_recall=1.000000 | normal_fpr=0.735294 | normal_fp=25/34 | thr=0.50 | min_area=0 | stage2_score=-0.628166 | lr_encoder=1.000000e-05 | lr_decoder=5.000000e-05
epoch 30/50 | random_normal=223 | hard_normal=148/148 | hard_pool=100 | train_loss=0.524513 | defect_dice=0.678678 | defect_iou=0.536207 | defect_recall=0.978723 | normal_fpr=0.470588 | normal_fp=16/34 | thr=0.50 | min_area=0 | stage2_score=-0.062498 | lr_encoder=1.000000e-05 | lr_decoder=5.000000e-05
epoch 31/50 | random_normal=223 | hard_normal=148/148 | hard_pool=94 | train_loss=0.522926 | defect_dice=0.671763 | defect_iou=0.521856 | defect_recall=1.000000 | normal_fpr=0.470588 | normal_fp=16/34 | thr=0.50 | min_area=0 | stage2_score=-0.069414 | lr_encoder=1.000000e-05 | lr_decoder=5.000000e-05
epoch 32/50 | random_normal=223 | hard_normal=148/148 | hard_pool=94 | train_loss=0.521892 | defect_dice=0.683210 | defect_iou=0.533665 | defect_recall=1.000000 | normal_fpr=0.441176 | normal_fp=15/34 | thr=0.50 | min_area=0 | stage2_score=0.000857 | lr_encoder=5.000000e-06 | lr_decoder=2.500000e-05
epoch 33/50 | random_normal=223 | hard_normal=148/148 | hard_pool=92 | train_loss=0.521290 | defect_dice=0.694728 | defect_iou=0.547005 | defect_recall=1.000000 | normal_fpr=0.382353 | normal_fp=13/34 | thr=0.50 | min_area=0 | stage2_score=0.130022 | lr_encoder=5.000000e-06 | lr_decoder=2.500000e-05
epoch 34/50 | random_normal=223 | hard_normal=148/148 | hard_pool=92 | train_loss=0.520440 | defect_dice=0.707793 | defect_iou=0.562089 | defect_recall=1.000000 | normal_fpr=0.323529 | normal_fp=11/34 | thr=0.50 | min_area=0 | stage2_score=0.260734 | lr_encoder=5.000000e-06 | lr_decoder=2.500000e-05
Warning: hard normal target was capped by hard_normal_max_repeats_per_epoch (136/148).
epoch 35/50 | random_normal=235 | hard_normal=136/148 | hard_pool=68 | train_loss=0.519582 | defect_dice=0.661080 | defect_iou=0.509634 | defect_recall=1.000000 | normal_fpr=0.558824 | normal_fp=19/34 | thr=0.50 | min_area=0 | stage2_score=-0.256568 | lr_encoder=5.000000e-06 | lr_decoder=2.500000e-05
Warning: hard normal target was capped by hard_normal_max_repeats_per_epoch (136/148).
epoch 36/50 | random_normal=235 | hard_normal=136/148 | hard_pool=68 | train_loss=0.518935 | defect_dice=0.708246 | defect_iou=0.562972 | defect_recall=1.000000 | normal_fpr=0.294118 | normal_fp=10/34 | thr=0.50 | min_area=0 | stage2_score=0.320011 | lr_encoder=5.000000e-06 | lr_decoder=2.500000e-05
Warning: hard normal target was capped by hard_normal_max_repeats_per_epoch (146/148).
epoch 37/50 | random_normal=225 | hard_normal=146/148 | hard_pool=73 | train_loss=0.518275 | defect_dice=0.707452 | defect_iou=0.560915 | defect_recall=1.000000 | normal_fpr=0.411765 | normal_fp=14/34 | thr=0.50 | min_area=0 | stage2_score=0.083922 | lr_encoder=5.000000e-06 | lr_decoder=2.500000e-05
Warning: hard normal target was capped by hard_normal_max_repeats_per_epoch (146/148).
epoch 38/50 | random_normal=225 | hard_normal=146/148 | hard_pool=73 | train_loss=0.518146 | defect_dice=0.676200 | defect_iou=0.526494 | defect_recall=1.000000 | normal_fpr=0.470588 | normal_fp=16/34 | thr=0.50 | min_area=0 | stage2_score=-0.064976 | lr_encoder=5.000000e-06 | lr_decoder=2.500000e-05
epoch 39/50 | random_normal=223 | hard_normal=148/148 | hard_pool=109 | train_loss=0.517369 | defect_dice=0.715691 | defect_iou=0.571146 | defect_recall=1.000000 | normal_fpr=0.323529 | normal_fp=11/34 | thr=0.50 | min_area=0 | stage2_score=0.268632 | lr_encoder=5.000000e-06 | lr_decoder=2.500000e-05
epoch 40/50 | random_normal=223 | hard_normal=148/148 | hard_pool=109 | train_loss=0.516477 | defect_dice=0.710189 | defect_iou=0.564131 | defect_recall=1.000000 | normal_fpr=0.323529 | normal_fp=11/34 | thr=0.50 | min_area=0 | stage2_score=0.263130 | lr_encoder=5.000000e-06 | lr_decoder=2.500000e-05
Warning: hard normal target was capped by hard_normal_max_repeats_per_epoch (124/148).
epoch 41/50 | random_normal=247 | hard_normal=124/148 | hard_pool=62 | train_loss=0.515557 | defect_dice=0.716097 | defect_iou=0.570830 | defect_recall=1.000000 | normal_fpr=0.352941 | normal_fp=12/34 | thr=0.50 | min_area=0 | stage2_score=0.210215 | lr_encoder=5.000000e-06 | lr_decoder=2.500000e-05
Warning: hard normal target was capped by hard_normal_max_repeats_per_epoch (124/148).
epoch 42/50 | random_normal=247 | hard_normal=124/148 | hard_pool=62 | train_loss=0.514953 | defect_dice=0.688455 | defect_iou=0.539542 | defect_recall=1.000000 | normal_fpr=0.352941 | normal_fp=12/34 | thr=0.50 | min_area=0 | stage2_score=0.182573 | lr_encoder=2.500000e-06 | lr_decoder=1.250000e-05
Warning: hard normal target was capped by hard_normal_max_repeats_per_epoch (128/148).
epoch 43/50 | random_normal=243 | hard_normal=128/148 | hard_pool=64 | train_loss=0.514601 | defect_dice=0.700701 | defect_iou=0.554363 | defect_recall=1.000000 | normal_fpr=0.323529 | normal_fp=11/34 | thr=0.50 | min_area=0 | stage2_score=0.253642 | lr_encoder=2.500000e-06 | lr_decoder=1.250000e-05
Warning: hard normal target was capped by hard_normal_max_repeats_per_epoch (128/148).
epoch 44/50 | random_normal=243 | hard_normal=128/148 | hard_pool=64 | train_loss=0.514447 | defect_dice=0.703107 | defect_iou=0.556730 | defect_recall=1.000000 | normal_fpr=0.411765 | normal_fp=14/34 | thr=0.50 | min_area=0 | stage2_score=0.079577 | lr_encoder=2.500000e-06 | lr_decoder=1.250000e-05
epoch 45/50 | random_normal=223 | hard_normal=148/148 | hard_pool=76 | train_loss=0.514233 | defect_dice=0.723760 | defect_iou=0.579611 | defect_recall=1.000000 | normal_fpr=0.294118 | normal_fp=10/34 | thr=0.50 | min_area=0 | stage2_score=0.335525 | lr_encoder=2.500000e-06 | lr_decoder=1.250000e-05
epoch 46/50 | random_normal=223 | hard_normal=148/148 | hard_pool=76 | train_loss=0.513616 | defect_dice=0.709778 | defect_iou=0.563066 | defect_recall=1.000000 | normal_fpr=0.323529 | normal_fp=11/34 | thr=0.50 | min_area=0 | stage2_score=0.262720 | lr_encoder=2.500000e-06 | lr_decoder=1.250000e-05
Warning: hard normal target was capped by hard_normal_max_repeats_per_epoch (132/148).
epoch 47/50 | random_normal=239 | hard_normal=132/148 | hard_pool=66 | train_loss=0.513724 | defect_dice=0.707805 | defect_iou=0.563016 | defect_recall=1.000000 | normal_fpr=0.382353 | normal_fp=13/34 | thr=0.50 | min_area=0 | stage2_score=0.143099 | lr_encoder=2.500000e-06 | lr_decoder=1.250000e-05
Warning: hard normal target was capped by hard_normal_max_repeats_per_epoch (132/148).
epoch 48/50 | random_normal=239 | hard_normal=132/148 | hard_pool=66 | train_loss=0.513224 | defect_dice=0.718296 | defect_iou=0.573796 | defect_recall=1.000000 | normal_fpr=0.323529 | normal_fp=11/34 | thr=0.50 | min_area=0 | stage2_score=0.271237 | lr_encoder=2.500000e-06 | lr_decoder=1.250000e-05
Warning: hard normal target was capped by hard_normal_max_repeats_per_epoch (116/148).
epoch 49/50 | random_normal=255 | hard_normal=116/148 | hard_pool=58 | train_loss=0.512737 | defect_dice=0.708397 | defect_iou=0.562660 | defect_recall=1.000000 | normal_fpr=0.323529 | normal_fp=11/34 | thr=0.50 | min_area=0 | stage2_score=0.261339 | lr_encoder=2.500000e-06 | lr_decoder=1.250000e-05
Warning: hard normal target was capped by hard_normal_max_repeats_per_epoch (116/148).
epoch 50/50 | random_normal=255 | hard_normal=116/148 | hard_pool=58 | train_loss=0.512539 | defect_dice=0.712163 | defect_iou=0.569843 | defect_recall=1.000000 | normal_fpr=0.352941 | normal_fp=12/34 | thr=0.50 | min_area=0 | stage2_score=0.206280 | lr_encoder=2.500000e-06 | lr_decoder=1.250000e-05
stage2 training finished.
