master_addr is only used for static rdzv_backend and when rdzv_endpoint is not specified.
device = cuda:0
parallel = {'ddp': True, 'requested': True, 'device_type': 'cuda', 'rank': 0, 'local_rank': 0, 'world_size': 4, 'backend': 'nccl', 'find_unused_parameters': False}
stage1_checkpoint = /mimer/NOBACKUP/groups/smart-rail/Yi Yang/CV_contact_wire/UNET_two_stage/outputs/experiments/811_fixed_split/stage1_s20260515/stage1/best_stage1.pt
defect_train_count = 371
defect_val_count = 47
normal_train_count = 274
normal_val_count = 34
stage2_native_size = True
val_native_batch_summary = [{"image_size": "3840x2160", "count": 47, "batch_size": 4, "rank": 0, "num_replicas": 1}, {"image_size": "640x640", "count": 34, "batch_size": 80, "rank": 0, "num_replicas": 1}]
train_eval_postprocess_search = False
train_eval_threshold = 0.5
train_eval_min_area = 0
save_dir = /mimer/NOBACKUP/groups/smart-rail/Yi Yang/CV_contact_wire/UNET_two_stage/outputs/experiments/811_fixed_split/phase2_architecture_full_single_seed/811_m0_baseline_s20260515/stage2
train_native_batch_summary = [{"image_size": "3840x2160", "count": 94, "batch_size": 4, "rank": 0, "num_replicas": 4}, {"image_size": "640x640", "count": 68, "batch_size": 80, "rank": 0, "num_replicas": 4}]
epoch 1/50 | random_normal=274 | hard_normal=0/0 | hard_pool=0 | train_loss=0.645171 | defect_dice=0.322995 | defect_iou=0.207256 | defect_recall=0.978723 | normal_fpr=1.000000 | normal_fp=34/34 | thr=0.50 | min_area=0 | stage2_score=-1.477005 | lr_encoder=2.000000e-05 | lr_decoder=1.000000e-04
epoch 2/50 | random_normal=274 | hard_normal=0/0 | hard_pool=0 | train_loss=0.631636 | defect_dice=0.358917 | defect_iou=0.238658 | defect_recall=0.978723 | normal_fpr=0.882353 | normal_fp=30/34 | thr=0.50 | min_area=0 | stage2_score=-1.205789 | lr_encoder=2.000000e-05 | lr_decoder=1.000000e-04
epoch 3/50 | random_normal=223 | hard_normal=148/148 | hard_pool=244 | train_loss=0.623936 | defect_dice=0.480311 | defect_iou=0.343511 | defect_recall=0.936170 | normal_fpr=0.823529 | normal_fp=28/34 | thr=0.50 | min_area=0 | stage2_score=-0.966748 | lr_encoder=2.000000e-05 | lr_decoder=1.000000e-04
epoch 4/50 | random_normal=223 | hard_normal=148/148 | hard_pool=244 | train_loss=0.616846 | defect_dice=0.451001 | defect_iou=0.312090 | defect_recall=1.000000 | normal_fpr=0.852941 | normal_fp=29/34 | thr=0.50 | min_area=0 | stage2_score=-1.054881 | lr_encoder=2.000000e-05 | lr_decoder=1.000000e-04
epoch 5/50 | random_normal=223 | hard_normal=148/148 | hard_pool=229 | train_loss=0.611398 | defect_dice=0.525871 | defect_iou=0.378749 | defect_recall=1.000000 | normal_fpr=0.735294 | normal_fp=25/34 | thr=0.50 | min_area=0 | stage2_score=-0.744717 | lr_encoder=2.000000e-05 | lr_decoder=1.000000e-04
epoch 6/50 | random_normal=223 | hard_normal=148/148 | hard_pool=229 | train_loss=0.606324 | defect_dice=0.567499 | defect_iou=0.421620 | defect_recall=0.978723 | normal_fpr=0.823529 | normal_fp=28/34 | thr=0.50 | min_area=0 | stage2_score=-0.879560 | lr_encoder=2.000000e-05 | lr_decoder=1.000000e-04
epoch 7/50 | random_normal=223 | hard_normal=148/148 | hard_pool=222 | train_loss=0.602062 | defect_dice=0.477791 | defect_iou=0.334503 | defect_recall=1.000000 | normal_fpr=0.882353 | normal_fp=30/34 | thr=0.50 | min_area=0 | stage2_score=-1.086915 | lr_encoder=2.000000e-05 | lr_decoder=1.000000e-04
epoch 8/50 | random_normal=223 | hard_normal=148/148 | hard_pool=222 | train_loss=0.596530 | defect_dice=0.574425 | defect_iou=0.422632 | defect_recall=1.000000 | normal_fpr=0.705882 | normal_fp=24/34 | thr=0.50 | min_area=0 | stage2_score=-0.637340 | lr_encoder=2.000000e-05 | lr_decoder=1.000000e-04
epoch 9/50 | random_normal=223 | hard_normal=148/148 | hard_pool=198 | train_loss=0.591575 | defect_dice=0.492271 | defect_iou=0.351725 | defect_recall=1.000000 | normal_fpr=0.882353 | normal_fp=30/34 | thr=0.50 | min_area=0 | stage2_score=-1.072435 | lr_encoder=2.000000e-05 | lr_decoder=1.000000e-04
epoch 10/50 | random_normal=223 | hard_normal=148/148 | hard_pool=198 | train_loss=0.587192 | defect_dice=0.567143 | defect_iou=0.421413 | defect_recall=0.978723 | normal_fpr=0.735294 | normal_fp=25/34 | thr=0.50 | min_area=0 | stage2_score=-0.703446 | lr_encoder=2.000000e-05 | lr_decoder=1.000000e-04
epoch 11/50 | random_normal=223 | hard_normal=148/148 | hard_pool=216 | train_loss=0.583483 | defect_dice=0.575979 | defect_iou=0.425826 | defect_recall=1.000000 | normal_fpr=0.823529 | normal_fp=28/34 | thr=0.50 | min_area=0 | stage2_score=-0.871080 | lr_encoder=2.000000e-05 | lr_decoder=1.000000e-04
epoch 12/50 | random_normal=223 | hard_normal=148/148 | hard_pool=216 | train_loss=0.578941 | defect_dice=0.485392 | defect_iou=0.342774 | defect_recall=0.978723 | normal_fpr=0.882353 | normal_fp=30/34 | thr=0.50 | min_area=0 | stage2_score=-1.079314 | lr_encoder=2.000000e-05 | lr_decoder=1.000000e-04
epoch 13/50 | random_normal=223 | hard_normal=148/148 | hard_pool=252 | train_loss=0.574069 | defect_dice=0.651431 | defect_iou=0.509142 | defect_recall=0.978723 | normal_fpr=0.764706 | normal_fp=26/34 | thr=0.50 | min_area=0 | stage2_score=-0.677981 | lr_encoder=2.000000e-05 | lr_decoder=1.000000e-04
epoch 14/50 | random_normal=223 | hard_normal=148/148 | hard_pool=252 | train_loss=0.570449 | defect_dice=0.617545 | defect_iou=0.467683 | defect_recall=1.000000 | normal_fpr=0.794118 | normal_fp=27/34 | thr=0.50 | min_area=0 | stage2_score=-0.770690 | lr_encoder=1.000000e-05 | lr_decoder=5.000000e-05
epoch 15/50 | random_normal=223 | hard_normal=148/148 | hard_pool=226 | train_loss=0.568383 | defect_dice=0.634241 | defect_iou=0.483119 | defect_recall=1.000000 | normal_fpr=0.705882 | normal_fp=24/34 | thr=0.50 | min_area=0 | stage2_score=-0.577524 | lr_encoder=1.000000e-05 | lr_decoder=5.000000e-05
epoch 16/50 | random_normal=223 | hard_normal=148/148 | hard_pool=226 | train_loss=0.566530 | defect_dice=0.637909 | defect_iou=0.493784 | defect_recall=0.978723 | normal_fpr=0.676471 | normal_fp=23/34 | thr=0.50 | min_area=0 | stage2_score=-0.515032 | lr_encoder=1.000000e-05 | lr_decoder=5.000000e-05
epoch 17/50 | random_normal=223 | hard_normal=148/148 | hard_pool=205 | train_loss=0.564628 | defect_dice=0.628517 | defect_iou=0.476310 | defect_recall=1.000000 | normal_fpr=0.735294 | normal_fp=25/34 | thr=0.50 | min_area=0 | stage2_score=-0.642071 | lr_encoder=1.000000e-05 | lr_decoder=5.000000e-05
epoch 18/50 | random_normal=223 | hard_normal=148/148 | hard_pool=205 | train_loss=0.563145 | defect_dice=0.676003 | defect_iou=0.535944 | defect_recall=0.978723 | normal_fpr=0.705882 | normal_fp=24/34 | thr=0.50 | min_area=0 | stage2_score=-0.535762 | lr_encoder=1.000000e-05 | lr_decoder=5.000000e-05
epoch 19/50 | random_normal=223 | hard_normal=148/148 | hard_pool=199 | train_loss=0.561725 | defect_dice=0.620472 | defect_iou=0.474483 | defect_recall=1.000000 | normal_fpr=0.735294 | normal_fp=25/34 | thr=0.50 | min_area=0 | stage2_score=-0.650116 | lr_encoder=1.000000e-05 | lr_decoder=5.000000e-05
epoch 20/50 | random_normal=223 | hard_normal=148/148 | hard_pool=199 | train_loss=0.559396 | defect_dice=0.595022 | defect_iou=0.453848 | defect_recall=1.000000 | normal_fpr=0.852941 | normal_fp=29/34 | thr=0.50 | min_area=0 | stage2_score=-0.910861 | lr_encoder=1.000000e-05 | lr_decoder=5.000000e-05
epoch 21/50 | random_normal=223 | hard_normal=148/148 | hard_pool=228 | train_loss=0.557950 | defect_dice=0.435698 | defect_iou=0.302534 | defect_recall=1.000000 | normal_fpr=0.911765 | normal_fp=31/34 | thr=0.50 | min_area=0 | stage2_score=-1.187832 | lr_encoder=1.000000e-05 | lr_decoder=5.000000e-05
epoch 22/50 | random_normal=223 | hard_normal=148/148 | hard_pool=228 | train_loss=0.557193 | defect_dice=0.686999 | defect_iou=0.540801 | defect_recall=1.000000 | normal_fpr=0.647059 | normal_fp=22/34 | thr=0.50 | min_area=0 | stage2_score=-0.407119 | lr_encoder=5.000000e-06 | lr_decoder=2.500000e-05
epoch 23/50 | random_normal=223 | hard_normal=148/148 | hard_pool=196 | train_loss=0.554921 | defect_dice=0.588477 | defect_iou=0.436742 | defect_recall=1.000000 | normal_fpr=0.764706 | normal_fp=26/34 | thr=0.50 | min_area=0 | stage2_score=-0.740935 | lr_encoder=5.000000e-06 | lr_decoder=2.500000e-05
epoch 24/50 | random_normal=223 | hard_normal=148/148 | hard_pool=196 | train_loss=0.553995 | defect_dice=0.657620 | defect_iou=0.509365 | defect_recall=1.000000 | normal_fpr=0.735294 | normal_fp=25/34 | thr=0.50 | min_area=0 | stage2_score=-0.612968 | lr_encoder=5.000000e-06 | lr_decoder=2.500000e-05
epoch 25/50 | random_normal=223 | hard_normal=148/148 | hard_pool=198 | train_loss=0.553114 | defect_dice=0.649618 | defect_iou=0.498457 | defect_recall=1.000000 | normal_fpr=0.617647 | normal_fp=21/34 | thr=0.50 | min_area=0 | stage2_score=-0.385676 | lr_encoder=5.000000e-06 | lr_decoder=2.500000e-05
epoch 26/50 | random_normal=223 | hard_normal=148/148 | hard_pool=198 | train_loss=0.552280 | defect_dice=0.647921 | defect_iou=0.498414 | defect_recall=1.000000 | normal_fpr=0.647059 | normal_fp=22/34 | thr=0.50 | min_area=0 | stage2_score=-0.446196 | lr_encoder=5.000000e-06 | lr_decoder=2.500000e-05
epoch 27/50 | random_normal=223 | hard_normal=148/148 | hard_pool=194 | train_loss=0.550940 | defect_dice=0.649460 | defect_iou=0.499342 | defect_recall=1.000000 | normal_fpr=0.647059 | normal_fp=22/34 | thr=0.50 | min_area=0 | stage2_score=-0.444657 | lr_encoder=5.000000e-06 | lr_decoder=2.500000e-05
epoch 28/50 | random_normal=223 | hard_normal=148/148 | hard_pool=194 | train_loss=0.550330 | defect_dice=0.650257 | defect_iou=0.499597 | defect_recall=1.000000 | normal_fpr=0.647059 | normal_fp=22/34 | thr=0.50 | min_area=0 | stage2_score=-0.443860 | lr_encoder=5.000000e-06 | lr_decoder=2.500000e-05
epoch 29/50 | random_normal=223 | hard_normal=148/148 | hard_pool=166 | train_loss=0.549173 | defect_dice=0.683736 | defect_iou=0.540605 | defect_recall=1.000000 | normal_fpr=0.676471 | normal_fp=23/34 | thr=0.50 | min_area=0 | stage2_score=-0.469205 | lr_encoder=5.000000e-06 | lr_decoder=2.500000e-05
epoch 30/50 | random_normal=223 | hard_normal=148/148 | hard_pool=166 | train_loss=0.548609 | defect_dice=0.657740 | defect_iou=0.507460 | defect_recall=1.000000 | normal_fpr=0.676471 | normal_fp=23/34 | thr=0.50 | min_area=0 | stage2_score=-0.495201 | lr_encoder=5.000000e-06 | lr_decoder=2.500000e-05
epoch 31/50 | random_normal=223 | hard_normal=148/148 | hard_pool=180 | train_loss=0.547924 | defect_dice=0.669730 | defect_iou=0.520583 | defect_recall=1.000000 | normal_fpr=0.676471 | normal_fp=23/34 | thr=0.50 | min_area=0 | stage2_score=-0.483211 | lr_encoder=2.500000e-06 | lr_decoder=1.250000e-05
epoch 32/50 | random_normal=223 | hard_normal=148/148 | hard_pool=180 | train_loss=0.547657 | defect_dice=0.665435 | defect_iou=0.517116 | defect_recall=1.000000 | normal_fpr=0.735294 | normal_fp=25/34 | thr=0.50 | min_area=0 | stage2_score=-0.605153 | lr_encoder=2.500000e-06 | lr_decoder=1.250000e-05
epoch 33/50 | random_normal=223 | hard_normal=148/148 | hard_pool=195 | train_loss=0.547161 | defect_dice=0.681053 | defect_iou=0.533468 | defect_recall=1.000000 | normal_fpr=0.676471 | normal_fp=23/34 | thr=0.50 | min_area=0 | stage2_score=-0.471888 | lr_encoder=2.500000e-06 | lr_decoder=1.250000e-05
epoch 34/50 | random_normal=223 | hard_normal=148/148 | hard_pool=195 | train_loss=0.546722 | defect_dice=0.681337 | defect_iou=0.533846 | defect_recall=1.000000 | normal_fpr=0.647059 | normal_fp=22/34 | thr=0.50 | min_area=0 | stage2_score=-0.412780 | lr_encoder=2.500000e-06 | lr_decoder=1.250000e-05
epoch 35/50 | random_normal=223 | hard_normal=148/148 | hard_pool=153 | train_loss=0.546256 | defect_dice=0.691180 | defect_iou=0.546279 | defect_recall=1.000000 | normal_fpr=0.500000 | normal_fp=17/34 | thr=0.50 | min_area=0 | stage2_score=-0.108820 | lr_encoder=2.500000e-06 | lr_decoder=1.250000e-05
epoch 36/50 | random_normal=223 | hard_normal=148/148 | hard_pool=153 | train_loss=0.545801 | defect_dice=0.660872 | defect_iou=0.513170 | defect_recall=1.000000 | normal_fpr=0.676471 | normal_fp=23/34 | thr=0.50 | min_area=0 | stage2_score=-0.492069 | lr_encoder=2.500000e-06 | lr_decoder=1.250000e-05
epoch 37/50 | random_normal=223 | hard_normal=148/148 | hard_pool=191 | train_loss=0.545386 | defect_dice=0.676834 | defect_iou=0.529399 | defect_recall=1.000000 | normal_fpr=0.558824 | normal_fp=19/34 | thr=0.50 | min_area=0 | stage2_score=-0.240813 | lr_encoder=2.500000e-06 | lr_decoder=1.250000e-05
epoch 38/50 | random_normal=223 | hard_normal=148/148 | hard_pool=191 | train_loss=0.545077 | defect_dice=0.649145 | defect_iou=0.498231 | defect_recall=1.000000 | normal_fpr=0.617647 | normal_fp=21/34 | thr=0.50 | min_area=0 | stage2_score=-0.386149 | lr_encoder=2.500000e-06 | lr_decoder=1.250000e-05
epoch 39/50 | random_normal=223 | hard_normal=148/148 | hard_pool=145 | train_loss=0.544598 | defect_dice=0.674790 | defect_iou=0.526799 | defect_recall=1.000000 | normal_fpr=0.588235 | normal_fp=20/34 | thr=0.50 | min_area=0 | stage2_score=-0.301681 | lr_encoder=2.500000e-06 | lr_decoder=1.250000e-05
epoch 40/50 | random_normal=223 | hard_normal=148/148 | hard_pool=145 | train_loss=0.544103 | defect_dice=0.687153 | defect_iou=0.540248 | defect_recall=1.000000 | normal_fpr=0.558824 | normal_fp=19/34 | thr=0.50 | min_area=0 | stage2_score=-0.230494 | lr_encoder=2.500000e-06 | lr_decoder=1.250000e-05
epoch 41/50 | random_normal=223 | hard_normal=148/148 | hard_pool=137 | train_loss=0.543616 | defect_dice=0.685196 | defect_iou=0.538724 | defect_recall=1.000000 | normal_fpr=0.588235 | normal_fp=20/34 | thr=0.50 | min_area=0 | stage2_score=-0.291274 | lr_encoder=1.250000e-06 | lr_decoder=6.250000e-06
epoch 42/50 | random_normal=223 | hard_normal=148/148 | hard_pool=137 | train_loss=0.543403 | defect_dice=0.692175 | defect_iou=0.545816 | defect_recall=1.000000 | normal_fpr=0.558824 | normal_fp=19/34 | thr=0.50 | min_area=0 | stage2_score=-0.225472 | lr_encoder=1.250000e-06 | lr_decoder=6.250000e-06
epoch 43/50 | random_normal=223 | hard_normal=148/148 | hard_pool=134 | train_loss=0.543112 | defect_dice=0.677277 | defect_iou=0.529250 | defect_recall=1.000000 | normal_fpr=0.588235 | normal_fp=20/34 | thr=0.50 | min_area=0 | stage2_score=-0.299194 | lr_encoder=1.250000e-06 | lr_decoder=6.250000e-06
epoch 44/50 | random_normal=223 | hard_normal=148/148 | hard_pool=134 | train_loss=0.542988 | defect_dice=0.660603 | defect_iou=0.510491 | defect_recall=1.000000 | normal_fpr=0.588235 | normal_fp=20/34 | thr=0.50 | min_area=0 | stage2_score=-0.315868 | lr_encoder=1.250000e-06 | lr_decoder=6.250000e-06
epoch 45/50 | random_normal=223 | hard_normal=148/148 | hard_pool=148 | train_loss=0.542630 | defect_dice=0.698450 | defect_iou=0.552322 | defect_recall=1.000000 | normal_fpr=0.500000 | normal_fp=17/34 | thr=0.50 | min_area=0 | stage2_score=-0.101550 | lr_encoder=1.250000e-06 | lr_decoder=6.250000e-06
epoch 46/50 | random_normal=223 | hard_normal=148/148 | hard_pool=148 | train_loss=0.542444 | defect_dice=0.681375 | defect_iou=0.533467 | defect_recall=1.000000 | normal_fpr=0.529412 | normal_fp=18/34 | thr=0.50 | min_area=0 | stage2_score=-0.177448 | lr_encoder=1.250000e-06 | lr_decoder=6.250000e-06
epoch 47/50 | random_normal=223 | hard_normal=148/148 | hard_pool=129 | train_loss=0.542157 | defect_dice=0.681894 | defect_iou=0.533548 | defect_recall=1.000000 | normal_fpr=0.558824 | normal_fp=19/34 | thr=0.50 | min_area=0 | stage2_score=-0.235753 | lr_encoder=1.250000e-06 | lr_decoder=6.250000e-06
epoch 48/50 | random_normal=223 | hard_normal=148/148 | hard_pool=129 | train_loss=0.541830 | defect_dice=0.689992 | defect_iou=0.543913 | defect_recall=1.000000 | normal_fpr=0.529412 | normal_fp=18/34 | thr=0.50 | min_area=0 | stage2_score=-0.168831 | lr_encoder=1.250000e-06 | lr_decoder=6.250000e-06
epoch 49/50 | random_normal=223 | hard_normal=148/148 | hard_pool=123 | train_loss=0.541830 | defect_dice=0.684212 | defect_iou=0.535418 | defect_recall=1.000000 | normal_fpr=0.500000 | normal_fp=17/34 | thr=0.50 | min_area=0 | stage2_score=-0.115788 | lr_encoder=1.250000e-06 | lr_decoder=6.250000e-06
epoch 50/50 | random_normal=223 | hard_normal=148/148 | hard_pool=123 | train_loss=0.541491 | defect_dice=0.663145 | defect_iou=0.511861 | defect_recall=1.000000 | normal_fpr=0.558824 | normal_fp=19/34 | thr=0.50 | min_area=0 | stage2_score=-0.254502 | lr_encoder=1.250000e-06 | lr_decoder=6.250000e-06
stage2 training finished.
