master_addr is only used for static rdzv_backend and when rdzv_endpoint is not specified.
/apps/Arch/software/PyTorch/2.1.2-foss-2023a-CUDA-12.1.1/lib/python3.11/site-packages/torch/nn/modules/transformer.py:282: UserWarning: enable_nested_tensor is True, but self.use_nested_tensor is False because encoder_layer.norm_first was True
  warnings.warn(f"enable_nested_tensor is True, but self.use_nested_tensor is False because {why_not_sparsity_fast_path}")
/apps/Arch/software/PyTorch/2.1.2-foss-2023a-CUDA-12.1.1/lib/python3.11/site-packages/torch/nn/modules/transformer.py:282: UserWarning: enable_nested_tensor is True, but self.use_nested_tensor is False because encoder_layer.norm_first was True
  warnings.warn(f"enable_nested_tensor is True, but self.use_nested_tensor is False because {why_not_sparsity_fast_path}")
/apps/Arch/software/PyTorch/2.1.2-foss-2023a-CUDA-12.1.1/lib/python3.11/site-packages/torch/nn/modules/transformer.py:282: UserWarning: enable_nested_tensor is True, but self.use_nested_tensor is False because encoder_layer.norm_first was True
  warnings.warn(f"enable_nested_tensor is True, but self.use_nested_tensor is False because {why_not_sparsity_fast_path}")
/apps/Arch/software/PyTorch/2.1.2-foss-2023a-CUDA-12.1.1/lib/python3.11/site-packages/torch/nn/modules/transformer.py:282: UserWarning: enable_nested_tensor is True, but self.use_nested_tensor is False because encoder_layer.norm_first was True
  warnings.warn(f"enable_nested_tensor is True, but self.use_nested_tensor is False because {why_not_sparsity_fast_path}")
compatible checkpoint load | loaded=284 | skipped=0 | missing=17 | unexpected=0
first missing keys: transformer_bottleneck.gamma, transformer_bottleneck.pos.weight, transformer_bottleneck.pos.bias, transformer_bottleneck.encoder.layers.0.self_attn.in_proj_weight, transformer_bottleneck.encoder.layers.0.self_attn.in_proj_bias, transformer_bottleneck.encoder.layers.0.self_attn.out_proj.weight, transformer_bottleneck.encoder.layers.0.self_attn.out_proj.bias, transformer_bottleneck.encoder.layers.0.linear1.weight, transformer_bottleneck.encoder.layers.0.linear1.bias, transformer_bottleneck.encoder.layers.0.linear2.weight, transformer_bottleneck.encoder.layers.0.linear2.bias, transformer_bottleneck.encoder.layers.0.norm1.weight, transformer_bottleneck.encoder.layers.0.norm1.bias, transformer_bottleneck.encoder.layers.0.norm2.weight, transformer_bottleneck.encoder.layers.0.norm2.bias, transformer_bottleneck.norm.weight, transformer_bottleneck.norm.bias
compatible checkpoint load | loaded=284 | skipped=0 | missing=17 | unexpected=0
first missing keys: transformer_bottleneck.gamma, transformer_bottleneck.pos.weight, transformer_bottleneck.pos.bias, transformer_bottleneck.encoder.layers.0.self_attn.in_proj_weight, transformer_bottleneck.encoder.layers.0.self_attn.in_proj_bias, transformer_bottleneck.encoder.layers.0.self_attn.out_proj.weight, transformer_bottleneck.encoder.layers.0.self_attn.out_proj.bias, transformer_bottleneck.encoder.layers.0.linear1.weight, transformer_bottleneck.encoder.layers.0.linear1.bias, transformer_bottleneck.encoder.layers.0.linear2.weight, transformer_bottleneck.encoder.layers.0.linear2.bias, transformer_bottleneck.encoder.layers.0.norm1.weight, transformer_bottleneck.encoder.layers.0.norm1.bias, transformer_bottleneck.encoder.layers.0.norm2.weight, transformer_bottleneck.encoder.layers.0.norm2.bias, transformer_bottleneck.norm.weight, transformer_bottleneck.norm.bias
compatible checkpoint load | loaded=284 | skipped=0 | missing=17 | unexpected=0
first missing keys: transformer_bottleneck.gamma, transformer_bottleneck.pos.weight, transformer_bottleneck.pos.bias, transformer_bottleneck.encoder.layers.0.self_attn.in_proj_weight, transformer_bottleneck.encoder.layers.0.self_attn.in_proj_bias, transformer_bottleneck.encoder.layers.0.self_attn.out_proj.weight, transformer_bottleneck.encoder.layers.0.self_attn.out_proj.bias, transformer_bottleneck.encoder.layers.0.linear1.weight, transformer_bottleneck.encoder.layers.0.linear1.bias, transformer_bottleneck.encoder.layers.0.linear2.weight, transformer_bottleneck.encoder.layers.0.linear2.bias, transformer_bottleneck.encoder.layers.0.norm1.weight, transformer_bottleneck.encoder.layers.0.norm1.bias, transformer_bottleneck.encoder.layers.0.norm2.weight, transformer_bottleneck.encoder.layers.0.norm2.bias, transformer_bottleneck.norm.weight, transformer_bottleneck.norm.bias
compatible checkpoint load | loaded=284 | skipped=0 | missing=17 | unexpected=0
first missing keys: transformer_bottleneck.gamma, transformer_bottleneck.pos.weight, transformer_bottleneck.pos.bias, transformer_bottleneck.encoder.layers.0.self_attn.in_proj_weight, transformer_bottleneck.encoder.layers.0.self_attn.in_proj_bias, transformer_bottleneck.encoder.layers.0.self_attn.out_proj.weight, transformer_bottleneck.encoder.layers.0.self_attn.out_proj.bias, transformer_bottleneck.encoder.layers.0.linear1.weight, transformer_bottleneck.encoder.layers.0.linear1.bias, transformer_bottleneck.encoder.layers.0.linear2.weight, transformer_bottleneck.encoder.layers.0.linear2.bias, transformer_bottleneck.encoder.layers.0.norm1.weight, transformer_bottleneck.encoder.layers.0.norm1.bias, transformer_bottleneck.encoder.layers.0.norm2.weight, transformer_bottleneck.encoder.layers.0.norm2.bias, transformer_bottleneck.norm.weight, transformer_bottleneck.norm.bias
device = cuda:0
parallel = {'ddp': True, 'requested': True, 'device_type': 'cuda', 'rank': 0, 'local_rank': 0, 'world_size': 4, 'backend': 'nccl', 'find_unused_parameters': False}
stage1_checkpoint = /mimer/NOBACKUP/groups/smart-rail/Yi Yang/CV_contact_wire/UNET_two_stage/outputs/experiments/811_fixed_split/stage1_s20260515/stage1/best_stage1.pt
defect_train_count = 371
defect_val_count = 47
normal_train_count = 274
normal_val_count = 34
stage2_native_size = True
val_native_batch_summary = [{"image_size": "3840x2160", "count": 47, "batch_size": 4, "rank": 0, "num_replicas": 1}, {"image_size": "640x640", "count": 34, "batch_size": 80, "rank": 0, "num_replicas": 1}]
train_eval_postprocess_search = False
train_eval_threshold = 0.5
train_eval_min_area = 0
save_dir = /mimer/NOBACKUP/groups/smart-rail/Yi Yang/CV_contact_wire/UNET_two_stage/outputs/experiments/811_fixed_split/phase2_architecture_full_single_seed/811_m1_tbn_d1_s20260515/stage2
train_native_batch_summary = [{"image_size": "3840x2160", "count": 94, "batch_size": 4, "rank": 0, "num_replicas": 4}, {"image_size": "640x640", "count": 68, "batch_size": 80, "rank": 0, "num_replicas": 4}]
epoch 1/50 | random_normal=274 | hard_normal=0/0 | hard_pool=0 | train_loss=0.645172 | defect_dice=0.325243 | defect_iou=0.209116 | defect_recall=0.978723 | normal_fpr=1.000000 | normal_fp=34/34 | thr=0.50 | min_area=0 | stage2_score=-1.474757 | lr_encoder=2.000000e-05 | lr_decoder=1.000000e-04
epoch 2/50 | random_normal=274 | hard_normal=0/0 | hard_pool=0 | train_loss=0.631698 | defect_dice=0.367661 | defect_iou=0.245504 | defect_recall=0.978723 | normal_fpr=0.882353 | normal_fp=30/34 | thr=0.50 | min_area=0 | stage2_score=-1.197045 | lr_encoder=2.000000e-05 | lr_decoder=1.000000e-04
epoch 3/50 | random_normal=223 | hard_normal=148/148 | hard_pool=244 | train_loss=0.623755 | defect_dice=0.494048 | defect_iou=0.360085 | defect_recall=0.914894 | normal_fpr=0.794118 | normal_fp=27/34 | thr=0.50 | min_area=0 | stage2_score=-0.894188 | lr_encoder=2.000000e-05 | lr_decoder=1.000000e-04
epoch 4/50 | random_normal=223 | hard_normal=148/148 | hard_pool=244 | train_loss=0.617021 | defect_dice=0.535133 | defect_iou=0.388324 | defect_recall=0.978723 | normal_fpr=0.794118 | normal_fp=27/34 | thr=0.50 | min_area=0 | stage2_score=-0.853102 | lr_encoder=2.000000e-05 | lr_decoder=1.000000e-04
epoch 5/50 | random_normal=223 | hard_normal=148/148 | hard_pool=221 | train_loss=0.612065 | defect_dice=0.452192 | defect_iou=0.311948 | defect_recall=1.000000 | normal_fpr=0.852941 | normal_fp=29/34 | thr=0.50 | min_area=0 | stage2_score=-1.053690 | lr_encoder=2.000000e-05 | lr_decoder=1.000000e-04
epoch 6/50 | random_normal=223 | hard_normal=148/148 | hard_pool=221 | train_loss=0.606909 | defect_dice=0.645130 | defect_iou=0.502925 | defect_recall=0.957447 | normal_fpr=0.676471 | normal_fp=23/34 | thr=0.50 | min_area=0 | stage2_score=-0.507812 | lr_encoder=2.000000e-05 | lr_decoder=1.000000e-04
epoch 7/50 | random_normal=223 | hard_normal=148/148 | hard_pool=177 | train_loss=0.602419 | defect_dice=0.563511 | defect_iou=0.429045 | defect_recall=0.914894 | normal_fpr=0.647059 | normal_fp=22/34 | thr=0.50 | min_area=0 | stage2_score=-0.530606 | lr_encoder=2.000000e-05 | lr_decoder=1.000000e-04
epoch 8/50 | random_normal=223 | hard_normal=148/148 | hard_pool=177 | train_loss=0.597961 | defect_dice=0.633071 | defect_iou=0.503091 | defect_recall=0.914894 | normal_fpr=0.705882 | normal_fp=24/34 | thr=0.50 | min_area=0 | stage2_score=-0.578694 | lr_encoder=2.000000e-05 | lr_decoder=1.000000e-04
epoch 9/50 | random_normal=223 | hard_normal=148/148 | hard_pool=170 | train_loss=0.592204 | defect_dice=0.410744 | defect_iou=0.276041 | defect_recall=1.000000 | normal_fpr=0.823529 | normal_fp=28/34 | thr=0.50 | min_area=0 | stage2_score=-1.036315 | lr_encoder=2.000000e-05 | lr_decoder=1.000000e-04
epoch 10/50 | random_normal=223 | hard_normal=148/148 | hard_pool=170 | train_loss=0.589064 | defect_dice=0.514678 | defect_iou=0.387515 | defect_recall=0.936170 | normal_fpr=0.882353 | normal_fp=30/34 | thr=0.50 | min_area=0 | stage2_score=-1.050028 | lr_encoder=2.000000e-05 | lr_decoder=1.000000e-04
epoch 11/50 | random_normal=223 | hard_normal=148/148 | hard_pool=235 | train_loss=0.587472 | defect_dice=0.543589 | defect_iou=0.412735 | defect_recall=0.893617 | normal_fpr=0.705882 | normal_fp=24/34 | thr=0.50 | min_area=0 | stage2_score=-0.668176 | lr_encoder=2.000000e-05 | lr_decoder=1.000000e-04
epoch 12/50 | random_normal=223 | hard_normal=148/148 | hard_pool=235 | train_loss=0.583146 | defect_dice=0.607726 | defect_iou=0.454882 | defect_recall=0.978723 | normal_fpr=0.735294 | normal_fp=25/34 | thr=0.50 | min_area=0 | stage2_score=-0.662863 | lr_encoder=1.000000e-05 | lr_decoder=5.000000e-05
epoch 13/50 | random_normal=223 | hard_normal=148/148 | hard_pool=200 | train_loss=0.577363 | defect_dice=0.628498 | defect_iou=0.477651 | defect_recall=0.978723 | normal_fpr=0.647059 | normal_fp=22/34 | thr=0.50 | min_area=0 | stage2_score=-0.465619 | lr_encoder=1.000000e-05 | lr_decoder=5.000000e-05
epoch 14/50 | random_normal=223 | hard_normal=148/148 | hard_pool=200 | train_loss=0.575306 | defect_dice=0.605497 | defect_iou=0.455069 | defect_recall=0.978723 | normal_fpr=0.676471 | normal_fp=23/34 | thr=0.50 | min_area=0 | stage2_score=-0.547444 | lr_encoder=1.000000e-05 | lr_decoder=5.000000e-05
epoch 15/50 | random_normal=223 | hard_normal=148/148 | hard_pool=171 | train_loss=0.572629 | defect_dice=0.657328 | defect_iou=0.508043 | defect_recall=0.978723 | normal_fpr=0.500000 | normal_fp=17/34 | thr=0.50 | min_area=0 | stage2_score=-0.142672 | lr_encoder=1.000000e-05 | lr_decoder=5.000000e-05
epoch 16/50 | random_normal=223 | hard_normal=148/148 | hard_pool=171 | train_loss=0.570489 | defect_dice=0.658976 | defect_iou=0.517450 | defect_recall=0.957447 | normal_fpr=0.382353 | normal_fp=13/34 | thr=0.50 | min_area=0 | stage2_score=0.094270 | lr_encoder=1.000000e-05 | lr_decoder=5.000000e-05
epoch 17/50 | random_normal=223 | hard_normal=148/148 | hard_pool=80 | train_loss=0.569755 | defect_dice=0.592018 | defect_iou=0.440291 | defect_recall=0.978723 | normal_fpr=0.705882 | normal_fp=24/34 | thr=0.50 | min_area=0 | stage2_score=-0.619746 | lr_encoder=1.000000e-05 | lr_decoder=5.000000e-05
epoch 18/50 | random_normal=223 | hard_normal=148/148 | hard_pool=80 | train_loss=0.567407 | defect_dice=0.626122 | defect_iou=0.474901 | defect_recall=0.978723 | normal_fpr=0.558824 | normal_fp=19/34 | thr=0.50 | min_area=0 | stage2_score=-0.291525 | lr_encoder=1.000000e-05 | lr_decoder=5.000000e-05
epoch 19/50 | random_normal=223 | hard_normal=148/148 | hard_pool=141 | train_loss=0.565504 | defect_dice=0.639706 | defect_iou=0.489671 | defect_recall=0.978723 | normal_fpr=0.647059 | normal_fp=22/34 | thr=0.50 | min_area=0 | stage2_score=-0.454411 | lr_encoder=1.000000e-05 | lr_decoder=5.000000e-05
epoch 20/50 | random_normal=223 | hard_normal=148/148 | hard_pool=141 | train_loss=0.562785 | defect_dice=0.645101 | defect_iou=0.497431 | defect_recall=0.978723 | normal_fpr=0.470588 | normal_fp=16/34 | thr=0.50 | min_area=0 | stage2_score=-0.096075 | lr_encoder=1.000000e-05 | lr_decoder=5.000000e-05
epoch 21/50 | random_normal=223 | hard_normal=148/148 | hard_pool=144 | train_loss=0.560826 | defect_dice=0.628719 | defect_iou=0.479157 | defect_recall=0.978723 | normal_fpr=0.529412 | normal_fp=18/34 | thr=0.50 | min_area=0 | stage2_score=-0.230105 | lr_encoder=1.000000e-05 | lr_decoder=5.000000e-05
epoch 22/50 | random_normal=223 | hard_normal=148/148 | hard_pool=144 | train_loss=0.559458 | defect_dice=0.646124 | defect_iou=0.500971 | defect_recall=0.978723 | normal_fpr=0.382353 | normal_fp=13/34 | thr=0.50 | min_area=0 | stage2_score=0.081418 | lr_encoder=5.000000e-06 | lr_decoder=2.500000e-05
epoch 23/50 | random_normal=223 | hard_normal=148/148 | hard_pool=101 | train_loss=0.558047 | defect_dice=0.647994 | defect_iou=0.502959 | defect_recall=0.978723 | normal_fpr=0.558824 | normal_fp=19/34 | thr=0.50 | min_area=0 | stage2_score=-0.269653 | lr_encoder=5.000000e-06 | lr_decoder=2.500000e-05
epoch 24/50 | random_normal=223 | hard_normal=148/148 | hard_pool=101 | train_loss=0.557226 | defect_dice=0.654816 | defect_iou=0.507785 | defect_recall=0.978723 | normal_fpr=0.500000 | normal_fp=17/34 | thr=0.50 | min_area=0 | stage2_score=-0.145184 | lr_encoder=5.000000e-06 | lr_decoder=2.500000e-05
epoch 25/50 | random_normal=223 | hard_normal=148/148 | hard_pool=126 | train_loss=0.556275 | defect_dice=0.634845 | defect_iou=0.495413 | defect_recall=0.936170 | normal_fpr=0.352941 | normal_fp=12/34 | thr=0.50 | min_area=0 | stage2_score=0.128962 | lr_encoder=5.000000e-06 | lr_decoder=2.500000e-05
epoch 26/50 | random_normal=223 | hard_normal=148/148 | hard_pool=126 | train_loss=0.555695 | defect_dice=0.653621 | defect_iou=0.510437 | defect_recall=0.957447 | normal_fpr=0.470588 | normal_fp=16/34 | thr=0.50 | min_area=0 | stage2_score=-0.087556 | lr_encoder=5.000000e-06 | lr_decoder=2.500000e-05
epoch 27/50 | random_normal=223 | hard_normal=148/148 | hard_pool=116 | train_loss=0.554413 | defect_dice=0.648399 | defect_iou=0.510968 | defect_recall=0.936170 | normal_fpr=0.352941 | normal_fp=12/34 | thr=0.50 | min_area=0 | stage2_score=0.142516 | lr_encoder=5.000000e-06 | lr_decoder=2.500000e-05
epoch 28/50 | random_normal=223 | hard_normal=148/148 | hard_pool=116 | train_loss=0.553675 | defect_dice=0.635130 | defect_iou=0.496472 | defect_recall=0.936170 | normal_fpr=0.323529 | normal_fp=11/34 | thr=0.50 | min_area=0 | stage2_score=0.188072 | lr_encoder=5.000000e-06 | lr_decoder=2.500000e-05
Warning: hard normal target was capped by hard_normal_max_repeats_per_epoch (138/148).
epoch 29/50 | random_normal=233 | hard_normal=138/148 | hard_pool=69 | train_loss=0.552801 | defect_dice=0.660284 | defect_iou=0.520666 | defect_recall=0.957447 | normal_fpr=0.352941 | normal_fp=12/34 | thr=0.50 | min_area=0 | stage2_score=0.154401 | lr_encoder=5.000000e-06 | lr_decoder=2.500000e-05
Warning: hard normal target was capped by hard_normal_max_repeats_per_epoch (138/148).
epoch 30/50 | random_normal=233 | hard_normal=138/148 | hard_pool=69 | train_loss=0.552137 | defect_dice=0.644659 | defect_iou=0.508916 | defect_recall=0.936170 | normal_fpr=0.294118 | normal_fp=10/34 | thr=0.50 | min_area=0 | stage2_score=0.256424 | lr_encoder=5.000000e-06 | lr_decoder=2.500000e-05
Warning: hard normal target was capped by hard_normal_max_repeats_per_epoch (116/148).
epoch 31/50 | random_normal=255 | hard_normal=116/148 | hard_pool=58 | train_loss=0.550956 | defect_dice=0.651625 | defect_iou=0.513407 | defect_recall=0.936170 | normal_fpr=0.352941 | normal_fp=12/34 | thr=0.50 | min_area=0 | stage2_score=0.145743 | lr_encoder=5.000000e-06 | lr_decoder=2.500000e-05
Warning: hard normal target was capped by hard_normal_max_repeats_per_epoch (116/148).
epoch 32/50 | random_normal=255 | hard_normal=116/148 | hard_pool=58 | train_loss=0.549998 | defect_dice=0.649679 | defect_iou=0.506238 | defect_recall=0.957447 | normal_fpr=0.411765 | normal_fp=14/34 | thr=0.50 | min_area=0 | stage2_score=0.026150 | lr_encoder=5.000000e-06 | lr_decoder=2.500000e-05
epoch 33/50 | random_normal=223 | hard_normal=148/148 | hard_pool=103 | train_loss=0.549271 | defect_dice=0.639925 | defect_iou=0.496366 | defect_recall=0.957447 | normal_fpr=0.323529 | normal_fp=11/34 | thr=0.50 | min_area=0 | stage2_score=0.192866 | lr_encoder=5.000000e-06 | lr_decoder=2.500000e-05
epoch 34/50 | random_normal=223 | hard_normal=148/148 | hard_pool=103 | train_loss=0.548720 | defect_dice=0.640203 | defect_iou=0.500735 | defect_recall=0.936170 | normal_fpr=0.441176 | normal_fp=15/34 | thr=0.50 | min_area=0 | stage2_score=-0.042149 | lr_encoder=5.000000e-06 | lr_decoder=2.500000e-05
epoch 35/50 | random_normal=223 | hard_normal=148/148 | hard_pool=131 | train_loss=0.547418 | defect_dice=0.673434 | defect_iou=0.531998 | defect_recall=0.978723 | normal_fpr=0.382353 | normal_fp=13/34 | thr=0.50 | min_area=0 | stage2_score=0.108728 | lr_encoder=5.000000e-06 | lr_decoder=2.500000e-05
epoch 36/50 | random_normal=223 | hard_normal=148/148 | hard_pool=131 | train_loss=0.546815 | defect_dice=0.651935 | defect_iou=0.505986 | defect_recall=0.978723 | normal_fpr=0.382353 | normal_fp=13/34 | thr=0.50 | min_area=0 | stage2_score=0.087229 | lr_encoder=2.500000e-06 | lr_decoder=1.250000e-05
epoch 37/50 | random_normal=223 | hard_normal=148/148 | hard_pool=100 | train_loss=0.546366 | defect_dice=0.663718 | defect_iou=0.520838 | defect_recall=0.978723 | normal_fpr=0.352941 | normal_fp=12/34 | thr=0.50 | min_area=0 | stage2_score=0.157836 | lr_encoder=2.500000e-06 | lr_decoder=1.250000e-05
epoch 38/50 | random_normal=223 | hard_normal=148/148 | hard_pool=100 | train_loss=0.545973 | defect_dice=0.649874 | defect_iou=0.506024 | defect_recall=0.957447 | normal_fpr=0.352941 | normal_fp=12/34 | thr=0.50 | min_area=0 | stage2_score=0.143992 | lr_encoder=2.500000e-06 | lr_decoder=1.250000e-05
Warning: hard normal target was capped by hard_normal_max_repeats_per_epoch (146/148).
epoch 39/50 | random_normal=225 | hard_normal=146/148 | hard_pool=73 | train_loss=0.545257 | defect_dice=0.683768 | defect_iou=0.542029 | defect_recall=0.978723 | normal_fpr=0.352941 | normal_fp=12/34 | thr=0.50 | min_area=0 | stage2_score=0.177886 | lr_encoder=2.500000e-06 | lr_decoder=1.250000e-05
Warning: hard normal target was capped by hard_normal_max_repeats_per_epoch (146/148).
epoch 40/50 | random_normal=225 | hard_normal=146/148 | hard_pool=73 | train_loss=0.544808 | defect_dice=0.663755 | defect_iou=0.516692 | defect_recall=0.978723 | normal_fpr=0.382353 | normal_fp=13/34 | thr=0.50 | min_area=0 | stage2_score=0.099049 | lr_encoder=2.500000e-06 | lr_decoder=1.250000e-05
epoch 41/50 | random_normal=223 | hard_normal=148/148 | hard_pool=107 | train_loss=0.544687 | defect_dice=0.654294 | defect_iou=0.510194 | defect_recall=0.978723 | normal_fpr=0.352941 | normal_fp=12/34 | thr=0.50 | min_area=0 | stage2_score=0.148412 | lr_encoder=1.250000e-06 | lr_decoder=6.250000e-06
epoch 42/50 | random_normal=223 | hard_normal=148/148 | hard_pool=107 | train_loss=0.544397 | defect_dice=0.663196 | defect_iou=0.518037 | defect_recall=0.978723 | normal_fpr=0.352941 | normal_fp=12/34 | thr=0.50 | min_area=0 | stage2_score=0.157313 | lr_encoder=1.250000e-06 | lr_decoder=6.250000e-06
Warning: hard normal target was capped by hard_normal_max_repeats_per_epoch (142/148).
epoch 43/50 | random_normal=229 | hard_normal=142/148 | hard_pool=71 | train_loss=0.544129 | defect_dice=0.662408 | defect_iou=0.519655 | defect_recall=0.957447 | normal_fpr=0.352941 | normal_fp=12/34 | thr=0.50 | min_area=0 | stage2_score=0.156526 | lr_encoder=1.250000e-06 | lr_decoder=6.250000e-06
Warning: hard normal target was capped by hard_normal_max_repeats_per_epoch (142/148).
epoch 44/50 | random_normal=229 | hard_normal=142/148 | hard_pool=71 | train_loss=0.544054 | defect_dice=0.667054 | defect_iou=0.525776 | defect_recall=0.978723 | normal_fpr=0.352941 | normal_fp=12/34 | thr=0.50 | min_area=0 | stage2_score=0.161171 | lr_encoder=1.250000e-06 | lr_decoder=6.250000e-06
Warning: hard normal target was capped by hard_normal_max_repeats_per_epoch (122/148).
epoch 45/50 | random_normal=249 | hard_normal=122/148 | hard_pool=61 | train_loss=0.543484 | defect_dice=0.661991 | defect_iou=0.520210 | defect_recall=0.957447 | normal_fpr=0.294118 | normal_fp=10/34 | thr=0.50 | min_area=0 | stage2_score=0.273756 | lr_encoder=1.250000e-06 | lr_decoder=6.250000e-06
Warning: hard normal target was capped by hard_normal_max_repeats_per_epoch (122/148).
epoch 46/50 | random_normal=249 | hard_normal=122/148 | hard_pool=61 | train_loss=0.543561 | defect_dice=0.658570 | defect_iou=0.512676 | defect_recall=0.978723 | normal_fpr=0.382353 | normal_fp=13/34 | thr=0.50 | min_area=0 | stage2_score=0.093864 | lr_encoder=1.250000e-06 | lr_decoder=6.250000e-06
epoch 47/50 | random_normal=223 | hard_normal=148/148 | hard_pool=94 | train_loss=0.542869 | defect_dice=0.669145 | defect_iou=0.527558 | defect_recall=0.978723 | normal_fpr=0.352941 | normal_fp=12/34 | thr=0.50 | min_area=0 | stage2_score=0.163263 | lr_encoder=1.250000e-06 | lr_decoder=6.250000e-06
epoch 48/50 | random_normal=223 | hard_normal=148/148 | hard_pool=94 | train_loss=0.543075 | defect_dice=0.662634 | defect_iou=0.520193 | defect_recall=0.957447 | normal_fpr=0.352941 | normal_fp=12/34 | thr=0.50 | min_area=0 | stage2_score=0.156752 | lr_encoder=1.250000e-06 | lr_decoder=6.250000e-06
Warning: hard normal target was capped by hard_normal_max_repeats_per_epoch (136/148).
epoch 49/50 | random_normal=235 | hard_normal=136/148 | hard_pool=68 | train_loss=0.542864 | defect_dice=0.659855 | defect_iou=0.511884 | defect_recall=1.000000 | normal_fpr=0.352941 | normal_fp=12/34 | thr=0.50 | min_area=0 | stage2_score=0.153973 | lr_encoder=1.250000e-06 | lr_decoder=6.250000e-06
Warning: hard normal target was capped by hard_normal_max_repeats_per_epoch (136/148).
epoch 50/50 | random_normal=235 | hard_normal=136/148 | hard_pool=68 | train_loss=0.542605 | defect_dice=0.669012 | defect_iou=0.528814 | defect_recall=0.957447 | normal_fpr=0.323529 | normal_fp=11/34 | thr=0.50 | min_area=0 | stage2_score=0.221953 | lr_encoder=1.250000e-06 | lr_decoder=6.250000e-06
stage2 training finished.
