master_addr is only used for static rdzv_backend and when rdzv_endpoint is not specified.
compatible checkpoint load | loaded=284 | skipped=0 | missing=26 | unexpected=0
first missing keys: self_attention_d4.gamma, self_attention_d4.pos.weight, self_attention_d4.pos.bias, self_attention_d4.q_norm.weight, self_attention_d4.q_norm.bias, self_attention_d4.kv_norm.weight, self_attention_d4.kv_norm.bias, self_attention_d4.attn.in_proj_weight, self_attention_d4.attn.in_proj_bias, self_attention_d4.attn.out_proj.weight, self_attention_d4.attn.out_proj.bias, self_attention_d4.out_norm.weight, self_attention_d4.out_norm.bias, self_attention_d3.gamma, self_attention_d3.pos.weight, self_attention_d3.pos.bias, self_attention_d3.q_norm.weight, self_attention_d3.q_norm.bias, self_attention_d3.kv_norm.weight, self_attention_d3.kv_norm.bias
compatible checkpoint load | loaded=284 | skipped=0 | missing=26 | unexpected=0
first missing keys: self_attention_d4.gamma, self_attention_d4.pos.weight, self_attention_d4.pos.bias, self_attention_d4.q_norm.weight, self_attention_d4.q_norm.bias, self_attention_d4.kv_norm.weight, self_attention_d4.kv_norm.bias, self_attention_d4.attn.in_proj_weight, self_attention_d4.attn.in_proj_bias, self_attention_d4.attn.out_proj.weight, self_attention_d4.attn.out_proj.bias, self_attention_d4.out_norm.weight, self_attention_d4.out_norm.bias, self_attention_d3.gamma, self_attention_d3.pos.weight, self_attention_d3.pos.bias, self_attention_d3.q_norm.weight, self_attention_d3.q_norm.bias, self_attention_d3.kv_norm.weight, self_attention_d3.kv_norm.bias
compatible checkpoint load | loaded=284 | skipped=0 | missing=26 | unexpected=0
first missing keys: self_attention_d4.gamma, self_attention_d4.pos.weight, self_attention_d4.pos.bias, self_attention_d4.q_norm.weight, self_attention_d4.q_norm.bias, self_attention_d4.kv_norm.weight, self_attention_d4.kv_norm.bias, self_attention_d4.attn.in_proj_weight, self_attention_d4.attn.in_proj_bias, self_attention_d4.attn.out_proj.weight, self_attention_d4.attn.out_proj.bias, self_attention_d4.out_norm.weight, self_attention_d4.out_norm.bias, self_attention_d3.gamma, self_attention_d3.pos.weight, self_attention_d3.pos.bias, self_attention_d3.q_norm.weight, self_attention_d3.q_norm.bias, self_attention_d3.kv_norm.weight, self_attention_d3.kv_norm.bias
compatible checkpoint load | loaded=284 | skipped=0 | missing=26 | unexpected=0
first missing keys: self_attention_d4.gamma, self_attention_d4.pos.weight, self_attention_d4.pos.bias, self_attention_d4.q_norm.weight, self_attention_d4.q_norm.bias, self_attention_d4.kv_norm.weight, self_attention_d4.kv_norm.bias, self_attention_d4.attn.in_proj_weight, self_attention_d4.attn.in_proj_bias, self_attention_d4.attn.out_proj.weight, self_attention_d4.attn.out_proj.bias, self_attention_d4.out_norm.weight, self_attention_d4.out_norm.bias, self_attention_d3.gamma, self_attention_d3.pos.weight, self_attention_d3.pos.bias, self_attention_d3.q_norm.weight, self_attention_d3.q_norm.bias, self_attention_d3.kv_norm.weight, self_attention_d3.kv_norm.bias
device = cuda:0
parallel = {'ddp': True, 'requested': True, 'device_type': 'cuda', 'rank': 0, 'local_rank': 0, 'world_size': 4, 'backend': 'nccl', 'find_unused_parameters': False}
stage1_checkpoint = /mimer/NOBACKUP/groups/smart-rail/Yi Yang/CV_contact_wire/UNET_two_stage/outputs/experiments/811_fixed_split/stage1_s20260515/stage1/best_stage1.pt
defect_train_count = 371
defect_val_count = 47
normal_train_count = 274
normal_val_count = 34
stage2_native_size = True
val_native_batch_summary = [{"image_size": "3840x2160", "count": 47, "batch_size": 4, "rank": 0, "num_replicas": 1}, {"image_size": "640x640", "count": 34, "batch_size": 80, "rank": 0, "num_replicas": 1}]
train_eval_postprocess_search = False
train_eval_threshold = 0.5
train_eval_min_area = 0
save_dir = /mimer/NOBACKUP/groups/smart-rail/Yi Yang/CV_contact_wire/UNET_two_stage/outputs/experiments/811_fixed_split/phase2_architecture_full_single_seed/811_m5_selfattn_d4d3_s20260515/stage2
train_native_batch_summary = [{"image_size": "3840x2160", "count": 94, "batch_size": 4, "rank": 0, "num_replicas": 4}, {"image_size": "640x640", "count": 68, "batch_size": 80, "rank": 0, "num_replicas": 4}]
epoch 1/50 | random_normal=274 | hard_normal=0/0 | hard_pool=0 | train_loss=0.645167 | defect_dice=0.321730 | defect_iou=0.206270 | defect_recall=0.978723 | normal_fpr=1.000000 | normal_fp=34/34 | thr=0.50 | min_area=0 | stage2_score=-1.478270 | lr_encoder=2.000000e-05 | lr_decoder=1.000000e-04
epoch 2/50 | random_normal=274 | hard_normal=0/0 | hard_pool=0 | train_loss=0.631664 | defect_dice=0.360405 | defect_iou=0.240051 | defect_recall=0.978723 | normal_fpr=0.882353 | normal_fp=30/34 | thr=0.50 | min_area=0 | stage2_score=-1.204301 | lr_encoder=2.000000e-05 | lr_decoder=1.000000e-04
epoch 3/50 | random_normal=223 | hard_normal=148/148 | hard_pool=244 | train_loss=0.623805 | defect_dice=0.448876 | defect_iou=0.313403 | defect_recall=0.957447 | normal_fpr=0.823529 | normal_fp=28/34 | thr=0.50 | min_area=0 | stage2_score=-0.998183 | lr_encoder=2.000000e-05 | lr_decoder=1.000000e-04
epoch 4/50 | random_normal=223 | hard_normal=148/148 | hard_pool=244 | train_loss=0.618211 | defect_dice=0.378013 | defect_iou=0.253821 | defect_recall=0.978723 | normal_fpr=0.941176 | normal_fp=32/34 | thr=0.50 | min_area=0 | stage2_score=-1.304340 | lr_encoder=2.000000e-05 | lr_decoder=1.000000e-04
epoch 5/50 | random_normal=223 | hard_normal=148/148 | hard_pool=243 | train_loss=0.610605 | defect_dice=0.584342 | defect_iou=0.446000 | defect_recall=0.957447 | normal_fpr=0.794118 | normal_fp=27/34 | thr=0.50 | min_area=0 | stage2_score=-0.803893 | lr_encoder=2.000000e-05 | lr_decoder=1.000000e-04
epoch 6/50 | random_normal=223 | hard_normal=148/148 | hard_pool=243 | train_loss=0.606023 | defect_dice=0.526973 | defect_iou=0.377580 | defect_recall=1.000000 | normal_fpr=0.823529 | normal_fp=28/34 | thr=0.50 | min_area=0 | stage2_score=-0.920086 | lr_encoder=2.000000e-05 | lr_decoder=1.000000e-04
epoch 7/50 | random_normal=223 | hard_normal=148/148 | hard_pool=231 | train_loss=0.602244 | defect_dice=0.619659 | defect_iou=0.488001 | defect_recall=0.957447 | normal_fpr=0.794118 | normal_fp=27/34 | thr=0.50 | min_area=0 | stage2_score=-0.768576 | lr_encoder=2.000000e-05 | lr_decoder=1.000000e-04
epoch 8/50 | random_normal=223 | hard_normal=148/148 | hard_pool=231 | train_loss=0.599678 | defect_dice=0.493730 | defect_iou=0.347870 | defect_recall=0.978723 | normal_fpr=0.823529 | normal_fp=28/34 | thr=0.50 | min_area=0 | stage2_score=-0.953329 | lr_encoder=2.000000e-05 | lr_decoder=1.000000e-04
epoch 9/50 | random_normal=223 | hard_normal=148/148 | hard_pool=229 | train_loss=0.591884 | defect_dice=0.591521 | defect_iou=0.438416 | defect_recall=0.978723 | normal_fpr=0.852941 | normal_fp=29/34 | thr=0.50 | min_area=0 | stage2_score=-0.914362 | lr_encoder=2.000000e-05 | lr_decoder=1.000000e-04
epoch 10/50 | random_normal=223 | hard_normal=148/148 | hard_pool=229 | train_loss=0.587476 | defect_dice=0.466848 | defect_iou=0.325799 | defect_recall=1.000000 | normal_fpr=0.970588 | normal_fp=33/34 | thr=0.50 | min_area=0 | stage2_score=-1.274329 | lr_encoder=2.000000e-05 | lr_decoder=1.000000e-04
epoch 11/50 | random_normal=223 | hard_normal=148/148 | hard_pool=265 | train_loss=0.583776 | defect_dice=0.640322 | defect_iou=0.497959 | defect_recall=0.957447 | normal_fpr=0.794118 | normal_fp=27/34 | thr=0.50 | min_area=0 | stage2_score=-0.747913 | lr_encoder=2.000000e-05 | lr_decoder=1.000000e-04
epoch 12/50 | random_normal=223 | hard_normal=148/148 | hard_pool=265 | train_loss=0.578556 | defect_dice=0.583312 | defect_iou=0.434019 | defect_recall=0.978723 | normal_fpr=0.823529 | normal_fp=28/34 | thr=0.50 | min_area=0 | stage2_score=-0.863747 | lr_encoder=2.000000e-05 | lr_decoder=1.000000e-04
epoch 13/50 | random_normal=223 | hard_normal=148/148 | hard_pool=219 | train_loss=0.573914 | defect_dice=0.478586 | defect_iou=0.333393 | defect_recall=1.000000 | normal_fpr=0.852941 | normal_fp=29/34 | thr=0.50 | min_area=0 | stage2_score=-1.027297 | lr_encoder=2.000000e-05 | lr_decoder=1.000000e-04
epoch 14/50 | random_normal=223 | hard_normal=148/148 | hard_pool=219 | train_loss=0.571482 | defect_dice=0.610584 | defect_iou=0.460341 | defect_recall=1.000000 | normal_fpr=0.823529 | normal_fp=28/34 | thr=0.50 | min_area=0 | stage2_score=-0.836474 | lr_encoder=2.000000e-05 | lr_decoder=1.000000e-04
epoch 15/50 | random_normal=223 | hard_normal=148/148 | hard_pool=228 | train_loss=0.567162 | defect_dice=0.639408 | defect_iou=0.501307 | defect_recall=0.957447 | normal_fpr=0.441176 | normal_fp=15/34 | thr=0.50 | min_area=0 | stage2_score=-0.042945 | lr_encoder=2.000000e-05 | lr_decoder=1.000000e-04
epoch 16/50 | random_normal=223 | hard_normal=148/148 | hard_pool=228 | train_loss=0.564535 | defect_dice=0.472634 | defect_iou=0.328179 | defect_recall=1.000000 | normal_fpr=0.882353 | normal_fp=30/34 | thr=0.50 | min_area=0 | stage2_score=-1.092072 | lr_encoder=2.000000e-05 | lr_decoder=1.000000e-04
epoch 17/50 | random_normal=223 | hard_normal=148/148 | hard_pool=249 | train_loss=0.561434 | defect_dice=0.588834 | defect_iou=0.457584 | defect_recall=0.893617 | normal_fpr=0.617647 | normal_fp=21/34 | thr=0.50 | min_area=0 | stage2_score=-0.446460 | lr_encoder=2.000000e-05 | lr_decoder=1.000000e-04
epoch 18/50 | random_normal=223 | hard_normal=148/148 | hard_pool=249 | train_loss=0.557465 | defect_dice=0.299234 | defect_iou=0.192184 | defect_recall=1.000000 | normal_fpr=0.970588 | normal_fp=33/34 | thr=0.50 | min_area=0 | stage2_score=-1.441942 | lr_encoder=2.000000e-05 | lr_decoder=1.000000e-04
epoch 19/50 | random_normal=223 | hard_normal=148/148 | hard_pool=272 | train_loss=0.553487 | defect_dice=0.550140 | defect_iou=0.399988 | defect_recall=1.000000 | normal_fpr=0.852941 | normal_fp=29/34 | thr=0.50 | min_area=0 | stage2_score=-0.955743 | lr_encoder=2.000000e-05 | lr_decoder=1.000000e-04
epoch 20/50 | random_normal=223 | hard_normal=148/148 | hard_pool=272 | train_loss=0.549785 | defect_dice=0.609480 | defect_iou=0.465947 | defect_recall=0.957447 | normal_fpr=0.617647 | normal_fp=21/34 | thr=0.50 | min_area=0 | stage2_score=-0.425814 | lr_encoder=2.000000e-05 | lr_decoder=1.000000e-04
epoch 21/50 | random_normal=223 | hard_normal=148/148 | hard_pool=139 | train_loss=0.546796 | defect_dice=0.612501 | defect_iou=0.462989 | defect_recall=0.978723 | normal_fpr=0.764706 | normal_fp=26/34 | thr=0.50 | min_area=0 | stage2_score=-0.716910 | lr_encoder=1.000000e-05 | lr_decoder=5.000000e-05
epoch 22/50 | random_normal=223 | hard_normal=148/148 | hard_pool=139 | train_loss=0.545161 | defect_dice=0.623237 | defect_iou=0.477752 | defect_recall=0.957447 | normal_fpr=0.617647 | normal_fp=21/34 | thr=0.50 | min_area=0 | stage2_score=-0.412057 | lr_encoder=1.000000e-05 | lr_decoder=5.000000e-05
epoch 23/50 | random_normal=223 | hard_normal=148/148 | hard_pool=146 | train_loss=0.543384 | defect_dice=0.644623 | defect_iou=0.498325 | defect_recall=0.978723 | normal_fpr=0.676471 | normal_fp=23/34 | thr=0.50 | min_area=0 | stage2_score=-0.508318 | lr_encoder=1.000000e-05 | lr_decoder=5.000000e-05
epoch 24/50 | random_normal=223 | hard_normal=148/148 | hard_pool=146 | train_loss=0.541624 | defect_dice=0.663494 | defect_iou=0.517824 | defect_recall=0.978723 | normal_fpr=0.470588 | normal_fp=16/34 | thr=0.50 | min_area=0 | stage2_score=-0.077683 | lr_encoder=1.000000e-05 | lr_decoder=5.000000e-05
epoch 25/50 | random_normal=223 | hard_normal=148/148 | hard_pool=93 | train_loss=0.539879 | defect_dice=0.651929 | defect_iou=0.505654 | defect_recall=0.978723 | normal_fpr=0.647059 | normal_fp=22/34 | thr=0.50 | min_area=0 | stage2_score=-0.442189 | lr_encoder=1.000000e-05 | lr_decoder=5.000000e-05
epoch 26/50 | random_normal=223 | hard_normal=148/148 | hard_pool=93 | train_loss=0.538912 | defect_dice=0.670768 | defect_iou=0.524690 | defect_recall=0.978723 | normal_fpr=0.470588 | normal_fp=16/34 | thr=0.50 | min_area=0 | stage2_score=-0.070408 | lr_encoder=5.000000e-06 | lr_decoder=2.500000e-05
epoch 27/50 | random_normal=223 | hard_normal=148/148 | hard_pool=105 | train_loss=0.537980 | defect_dice=0.663103 | defect_iou=0.517310 | defect_recall=0.978723 | normal_fpr=0.470588 | normal_fp=16/34 | thr=0.50 | min_area=0 | stage2_score=-0.078074 | lr_encoder=5.000000e-06 | lr_decoder=2.500000e-05
epoch 28/50 | random_normal=223 | hard_normal=148/148 | hard_pool=105 | train_loss=0.537240 | defect_dice=0.662368 | defect_iou=0.515822 | defect_recall=1.000000 | normal_fpr=0.558824 | normal_fp=19/34 | thr=0.50 | min_area=0 | stage2_score=-0.255279 | lr_encoder=5.000000e-06 | lr_decoder=2.500000e-05
epoch 29/50 | random_normal=223 | hard_normal=148/148 | hard_pool=112 | train_loss=0.536345 | defect_dice=0.667318 | defect_iou=0.521728 | defect_recall=0.978723 | normal_fpr=0.617647 | normal_fp=21/34 | thr=0.50 | min_area=0 | stage2_score=-0.367976 | lr_encoder=5.000000e-06 | lr_decoder=2.500000e-05
epoch 30/50 | random_normal=223 | hard_normal=148/148 | hard_pool=112 | train_loss=0.535671 | defect_dice=0.680135 | defect_iou=0.535466 | defect_recall=0.978723 | normal_fpr=0.294118 | normal_fp=10/34 | thr=0.50 | min_area=0 | stage2_score=0.291900 | lr_encoder=5.000000e-06 | lr_decoder=2.500000e-05
Warning: hard normal target was capped by hard_normal_max_repeats_per_epoch (134/148).
epoch 31/50 | random_normal=237 | hard_normal=134/148 | hard_pool=67 | train_loss=0.534963 | defect_dice=0.677824 | defect_iou=0.534321 | defect_recall=0.978723 | normal_fpr=0.382353 | normal_fp=13/34 | thr=0.50 | min_area=0 | stage2_score=0.113118 | lr_encoder=5.000000e-06 | lr_decoder=2.500000e-05
Warning: hard normal target was capped by hard_normal_max_repeats_per_epoch (134/148).
epoch 32/50 | random_normal=237 | hard_normal=134/148 | hard_pool=67 | train_loss=0.534141 | defect_dice=0.660688 | defect_iou=0.514056 | defect_recall=1.000000 | normal_fpr=0.588235 | normal_fp=20/34 | thr=0.50 | min_area=0 | stage2_score=-0.315782 | lr_encoder=5.000000e-06 | lr_decoder=2.500000e-05
epoch 33/50 | random_normal=223 | hard_normal=148/148 | hard_pool=103 | train_loss=0.533263 | defect_dice=0.672671 | defect_iou=0.527659 | defect_recall=0.978723 | normal_fpr=0.411765 | normal_fp=14/34 | thr=0.50 | min_area=0 | stage2_score=0.049141 | lr_encoder=5.000000e-06 | lr_decoder=2.500000e-05
epoch 34/50 | random_normal=223 | hard_normal=148/148 | hard_pool=103 | train_loss=0.532657 | defect_dice=0.684330 | defect_iou=0.542038 | defect_recall=0.978723 | normal_fpr=0.558824 | normal_fp=19/34 | thr=0.50 | min_area=0 | stage2_score=-0.233317 | lr_encoder=5.000000e-06 | lr_decoder=2.500000e-05
epoch 35/50 | random_normal=223 | hard_normal=148/148 | hard_pool=103 | train_loss=0.531722 | defect_dice=0.684030 | defect_iou=0.540313 | defect_recall=0.978723 | normal_fpr=0.382353 | normal_fp=13/34 | thr=0.50 | min_area=0 | stage2_score=0.119325 | lr_encoder=5.000000e-06 | lr_decoder=2.500000e-05
epoch 36/50 | random_normal=223 | hard_normal=148/148 | hard_pool=103 | train_loss=0.531369 | defect_dice=0.672662 | defect_iou=0.527623 | defect_recall=0.978723 | normal_fpr=0.500000 | normal_fp=17/34 | thr=0.50 | min_area=0 | stage2_score=-0.127338 | lr_encoder=2.500000e-06 | lr_decoder=1.250000e-05
epoch 37/50 | random_normal=223 | hard_normal=148/148 | hard_pool=93 | train_loss=0.530656 | defect_dice=0.701864 | defect_iou=0.560854 | defect_recall=0.978723 | normal_fpr=0.352941 | normal_fp=12/34 | thr=0.50 | min_area=0 | stage2_score=0.195982 | lr_encoder=2.500000e-06 | lr_decoder=1.250000e-05
epoch 38/50 | random_normal=223 | hard_normal=148/148 | hard_pool=93 | train_loss=0.529921 | defect_dice=0.692287 | defect_iou=0.547672 | defect_recall=1.000000 | normal_fpr=0.323529 | normal_fp=11/34 | thr=0.50 | min_area=0 | stage2_score=0.245228 | lr_encoder=2.500000e-06 | lr_decoder=1.250000e-05
epoch 39/50 | random_normal=223 | hard_normal=148/148 | hard_pool=79 | train_loss=0.529302 | defect_dice=0.687703 | defect_iou=0.541497 | defect_recall=1.000000 | normal_fpr=0.382353 | normal_fp=13/34 | thr=0.50 | min_area=0 | stage2_score=0.122997 | lr_encoder=2.500000e-06 | lr_decoder=1.250000e-05
epoch 40/50 | random_normal=223 | hard_normal=148/148 | hard_pool=79 | train_loss=0.528271 | defect_dice=0.687851 | defect_iou=0.542392 | defect_recall=1.000000 | normal_fpr=0.411765 | normal_fp=14/34 | thr=0.50 | min_area=0 | stage2_score=0.064321 | lr_encoder=2.500000e-06 | lr_decoder=1.250000e-05
Warning: hard normal target was capped by hard_normal_max_repeats_per_epoch (128/148).
epoch 41/50 | random_normal=243 | hard_normal=128/148 | hard_pool=64 | train_loss=0.527890 | defect_dice=0.687333 | defect_iou=0.541183 | defect_recall=1.000000 | normal_fpr=0.382353 | normal_fp=13/34 | thr=0.50 | min_area=0 | stage2_score=0.122627 | lr_encoder=1.250000e-06 | lr_decoder=6.250000e-06
Warning: hard normal target was capped by hard_normal_max_repeats_per_epoch (128/148).
epoch 42/50 | random_normal=243 | hard_normal=128/148 | hard_pool=64 | train_loss=0.528238 | defect_dice=0.690396 | defect_iou=0.544659 | defect_recall=1.000000 | normal_fpr=0.352941 | normal_fp=12/34 | thr=0.50 | min_area=0 | stage2_score=0.184513 | lr_encoder=1.250000e-06 | lr_decoder=6.250000e-06
Warning: hard normal target was capped by hard_normal_max_repeats_per_epoch (136/148).
epoch 43/50 | random_normal=235 | hard_normal=136/148 | hard_pool=68 | train_loss=0.528241 | defect_dice=0.692096 | defect_iou=0.546030 | defect_recall=1.000000 | normal_fpr=0.352941 | normal_fp=12/34 | thr=0.50 | min_area=0 | stage2_score=0.186214 | lr_encoder=1.250000e-06 | lr_decoder=6.250000e-06
Warning: hard normal target was capped by hard_normal_max_repeats_per_epoch (136/148).
epoch 44/50 | random_normal=235 | hard_normal=136/148 | hard_pool=68 | train_loss=0.527802 | defect_dice=0.691241 | defect_iou=0.546597 | defect_recall=1.000000 | normal_fpr=0.294118 | normal_fp=10/34 | thr=0.50 | min_area=0 | stage2_score=0.303006 | lr_encoder=1.250000e-06 | lr_decoder=6.250000e-06
Warning: hard normal target was capped by hard_normal_max_repeats_per_epoch (124/148).
epoch 45/50 | random_normal=247 | hard_normal=124/148 | hard_pool=62 | train_loss=0.527548 | defect_dice=0.700830 | defect_iou=0.556868 | defect_recall=1.000000 | normal_fpr=0.323529 | normal_fp=11/34 | thr=0.50 | min_area=0 | stage2_score=0.253771 | lr_encoder=1.250000e-06 | lr_decoder=6.250000e-06
Warning: hard normal target was capped by hard_normal_max_repeats_per_epoch (124/148).
epoch 46/50 | random_normal=247 | hard_normal=124/148 | hard_pool=62 | train_loss=0.527425 | defect_dice=0.699167 | defect_iou=0.553744 | defect_recall=1.000000 | normal_fpr=0.323529 | normal_fp=11/34 | thr=0.50 | min_area=0 | stage2_score=0.252109 | lr_encoder=1.250000e-06 | lr_decoder=6.250000e-06
Warning: hard normal target was capped by hard_normal_max_repeats_per_epoch (104/148).
epoch 47/50 | random_normal=267 | hard_normal=104/148 | hard_pool=52 | train_loss=0.526993 | defect_dice=0.696062 | defect_iou=0.550914 | defect_recall=1.000000 | normal_fpr=0.352941 | normal_fp=12/34 | thr=0.50 | min_area=0 | stage2_score=0.190180 | lr_encoder=1.250000e-06 | lr_decoder=6.250000e-06
Warning: hard normal target was capped by hard_normal_max_repeats_per_epoch (104/148).
epoch 48/50 | random_normal=267 | hard_normal=104/148 | hard_pool=52 | train_loss=0.526620 | defect_dice=0.700354 | defect_iou=0.555780 | defect_recall=1.000000 | normal_fpr=0.294118 | normal_fp=10/34 | thr=0.50 | min_area=0 | stage2_score=0.312119 | lr_encoder=1.250000e-06 | lr_decoder=6.250000e-06
Warning: hard normal target was capped by hard_normal_max_repeats_per_epoch (110/148).
epoch 49/50 | random_normal=261 | hard_normal=110/148 | hard_pool=55 | train_loss=0.526355 | defect_dice=0.699233 | defect_iou=0.553751 | defect_recall=1.000000 | normal_fpr=0.352941 | normal_fp=12/34 | thr=0.50 | min_area=0 | stage2_score=0.193351 | lr_encoder=1.250000e-06 | lr_decoder=6.250000e-06
Warning: hard normal target was capped by hard_normal_max_repeats_per_epoch (110/148).
epoch 50/50 | random_normal=261 | hard_normal=110/148 | hard_pool=55 | train_loss=0.526217 | defect_dice=0.686968 | defect_iou=0.540871 | defect_recall=1.000000 | normal_fpr=0.352941 | normal_fp=12/34 | thr=0.50 | min_area=0 | stage2_score=0.181085 | lr_encoder=1.250000e-06 | lr_decoder=6.250000e-06
stage2 training finished.
