Project: /mimer/NOBACKUP/groups/smart-rail/Yi Yang/CV_contact_wire/UNET_two_stage
Dataset: ../dataset_crack_normal_unet_811
Scope:   phase1
Baseline profile: full
GPUs:    0,1,2,3
Plan:    outputs/experiments/811_fixed_split
Run dir: outputs/experiments/811_fixed_split/phase1_baseline_selection
[2026-05-15 07:51:51] start check_environment
[2026-05-15 07:51:58] done  check_environment | log: /mimer/NOBACKUP/groups/smart-rail/Yi Yang/CV_contact_wire/UNET_two_stage/outputs/experiments/811_fixed_split/phase1_baseline_selection/logs/check_environment.log
[2026-05-15 07:51:58] start prepare_samples
[2026-05-15 07:52:00] done  prepare_samples | log: /mimer/NOBACKUP/groups/smart-rail/Yi Yang/CV_contact_wire/UNET_two_stage/outputs/experiments/811_fixed_split/phase1_baseline_selection/logs/prepare_samples.log
[2026-05-15 07:52:00] start build_patch_index
[2026-05-15 07:52:39] done  build_patch_index | log: /mimer/NOBACKUP/groups/smart-rail/Yi Yang/CV_contact_wire/UNET_two_stage/outputs/experiments/811_fixed_split/phase1_baseline_selection/logs/build_patch_index.log
[2026-05-15 07:52:40] skip  stage1_s20260515 | checkpoint exists
[2026-05-15 07:52:41] skip  811_m0_baseline_s20260515 | checkpoint exists
[2026-05-15 07:52:41] start 811_m0_baseline_s20260515_holdout
[2026-05-15 07:54:51] done  811_m0_baseline_s20260515_holdout | log: /mimer/NOBACKUP/groups/smart-rail/Yi Yang/CV_contact_wire/UNET_two_stage/outputs/experiments/811_fixed_split/phase1_baseline_selection/logs/811_m0_baseline_s20260515_holdout.log
[2026-05-15 07:54:52] start 811_t1_no_stage1_s20260515
[2026-05-15 09:39:24] done  811_t1_no_stage1_s20260515 | log: /mimer/NOBACKUP/groups/smart-rail/Yi Yang/CV_contact_wire/UNET_two_stage/outputs/experiments/811_fixed_split/phase1_baseline_selection/logs/811_t1_no_stage1_s20260515.log
[2026-05-15 09:39:24] start 811_t1_no_stage1_s20260515_holdout
[2026-05-15 09:41:55] done  811_t1_no_stage1_s20260515_holdout | log: /mimer/NOBACKUP/groups/smart-rail/Yi Yang/CV_contact_wire/UNET_two_stage/outputs/experiments/811_fixed_split/phase1_baseline_selection/logs/811_t1_no_stage1_s20260515_holdout.log
[2026-05-15 09:41:56] start 811_t2_no_hard_normal_s20260515
[2026-05-15 10:16:16] done  811_t2_no_hard_normal_s20260515 | log: /mimer/NOBACKUP/groups/smart-rail/Yi Yang/CV_contact_wire/UNET_two_stage/outputs/experiments/811_fixed_split/phase1_baseline_selection/logs/811_t2_no_hard_normal_s20260515.log
[2026-05-15 10:16:17] start 811_t2_no_hard_normal_s20260515_holdout
[2026-05-15 10:18:33] done  811_t2_no_hard_normal_s20260515_holdout | log: /mimer/NOBACKUP/groups/smart-rail/Yi Yang/CV_contact_wire/UNET_two_stage/outputs/experiments/811_fixed_split/phase1_baseline_selection/logs/811_t2_no_hard_normal_s20260515_holdout.log
[2026-05-15 10:18:33] start 811_t3_normal_fp_loss_s20260515
[2026-05-15 11:37:59] done  811_t3_normal_fp_loss_s20260515 | log: /mimer/NOBACKUP/groups/smart-rail/Yi Yang/CV_contact_wire/UNET_two_stage/outputs/experiments/811_fixed_split/phase1_baseline_selection/logs/811_t3_normal_fp_loss_s20260515.log
[2026-05-15 11:38:00] start 811_t3_normal_fp_loss_s20260515_holdout
[2026-05-15 11:40:08] done  811_t3_normal_fp_loss_s20260515_holdout | log: /mimer/NOBACKUP/groups/smart-rail/Yi Yang/CV_contact_wire/UNET_two_stage/outputs/experiments/811_fixed_split/phase1_baseline_selection/logs/811_t3_normal_fp_loss_s20260515_holdout.log
[2026-05-15 11:40:08] phase1 baseline selection finished. Review phase1 results and choose --baseline-profile before phase2.
