master_addr is only used for static rdzv_backend and when rdzv_endpoint is not specified.
WARNING:__main__:
*****************************************
Setting OMP_NUM_THREADS environment variable for each process to be 1 in default, to avoid your system being overloaded, please further tune the variable for optimal performance in your application as needed. 
*****************************************
device = cuda:0
parallel = {'ddp': True, 'requested': True, 'device_type': 'cuda', 'rank': 0, 'local_rank': 0, 'world_size': 4, 'backend': 'nccl', 'find_unused_parameters': True}
base_train_patch_count = 4169
val_patch_count = 508
save_dir = /mimer/NOBACKUP/groups/smart-rail/Yi Yang/CV_contact_wire/UNET_two_stage/outputs/experiments/811_fixed_split/stage1_s20260515/stage1
epoch 1/30 | encoder_frozen=True | train_patches=4169 | replay_patches=0 | train_loss=0.862976 | val_loss=0.922201 | patch_dice_all=0.448819 | patch_dice_pos_only=0.000000 | positive_recall=0.000000 | negative_fpr=0.000000 | stage1_score=0.000000 | lr_encoder=5.000000e-05 | lr_decoder=2.000000e-04
epoch 2/30 | encoder_frozen=True | train_patches=4169 | replay_patches=0 | train_loss=0.750579 | val_loss=0.897403 | patch_dice_all=0.537779 | patch_dice_pos_only=0.393542 | positive_recall=0.846429 | negative_fpr=0.285088 | stage1_score=0.350999 | lr_encoder=5.000000e-05 | lr_decoder=2.000000e-04
epoch 3/30 | encoder_frozen=True | train_patches=4169 | replay_patches=625 | train_loss=0.716316 | val_loss=0.842724 | patch_dice_all=0.477899 | patch_dice_pos_only=0.556331 | positive_recall=0.996429 | negative_fpr=0.618421 | stage1_score=0.347120 | lr_encoder=5.000000e-05 | lr_decoder=2.000000e-04
[W reducer.cpp:1346] Warning: find_unused_parameters=True was specified in DDP constructor, but did not find any unused parameters in the forward pass. This flag results in an extra traversal of the autograd graph every iteration,  which can adversely affect performance. If your model indeed never has any unused parameters in the forward pass, consider turning this flag off. Note that this warning may be a false positive if your model has flow control causing later iterations to have unused parameters. (function operator())
[W reducer.cpp:1346] Warning: find_unused_parameters=True was specified in DDP constructor, but did not find any unused parameters in the forward pass. This flag results in an extra traversal of the autograd graph every iteration,  which can adversely affect performance. If your model indeed never has any unused parameters in the forward pass, consider turning this flag off. Note that this warning may be a false positive if your model has flow control causing later iterations to have unused parameters. (function operator())
[W reducer.cpp:1346] Warning: find_unused_parameters=True was specified in DDP constructor, but did not find any unused parameters in the forward pass. This flag results in an extra traversal of the autograd graph every iteration,  which can adversely affect performance. If your model indeed never has any unused parameters in the forward pass, consider turning this flag off. Note that this warning may be a false positive if your model has flow control causing later iterations to have unused parameters. (function operator())
[W reducer.cpp:1346] Warning: find_unused_parameters=True was specified in DDP constructor, but did not find any unused parameters in the forward pass. This flag results in an extra traversal of the autograd graph every iteration,  which can adversely affect performance. If your model indeed never has any unused parameters in the forward pass, consider turning this flag off. Note that this warning may be a false positive if your model has flow control causing later iterations to have unused parameters. (function operator())
epoch 4/30 | encoder_frozen=False | train_patches=4794 | replay_patches=625 | train_loss=0.708373 | val_loss=0.763247 | patch_dice_all=0.381181 | patch_dice_pos_only=0.452285 | positive_recall=1.000000 | negative_fpr=0.706140 | stage1_score=0.199215 | lr_encoder=5.000000e-05 | lr_decoder=2.000000e-04
epoch 5/30 | encoder_frozen=False | train_patches=4794 | replay_patches=625 | train_loss=0.678479 | val_loss=0.718905 | patch_dice_all=0.515433 | patch_dice_pos_only=0.485142 | positive_recall=0.996429 | negative_fpr=0.447368 | stage1_score=0.361458 | lr_encoder=5.000000e-05 | lr_decoder=2.000000e-04
epoch 6/30 | encoder_frozen=False | train_patches=4794 | replay_patches=625 | train_loss=0.662627 | val_loss=0.686367 | patch_dice_all=0.486457 | patch_dice_pos_only=0.461144 | positive_recall=0.942857 | negative_fpr=0.482456 | stage1_score=0.319915 | lr_encoder=5.000000e-05 | lr_decoder=2.000000e-04
epoch 7/30 | encoder_frozen=False | train_patches=4794 | replay_patches=625 | train_loss=0.652637 | val_loss=0.662644 | patch_dice_all=0.468421 | patch_dice_pos_only=0.474849 | positive_recall=1.000000 | negative_fpr=0.539474 | stage1_score=0.305112 | lr_encoder=5.000000e-05 | lr_decoder=2.000000e-04
epoch 8/30 | encoder_frozen=False | train_patches=4794 | replay_patches=625 | train_loss=0.643462 | val_loss=0.647997 | patch_dice_all=0.612834 | patch_dice_pos_only=0.565428 | positive_recall=0.996429 | negative_fpr=0.328947 | stage1_score=0.500954 | lr_encoder=5.000000e-05 | lr_decoder=2.000000e-04
epoch 9/30 | encoder_frozen=False | train_patches=4794 | replay_patches=625 | train_loss=0.636249 | val_loss=0.642620 | patch_dice_all=0.637488 | patch_dice_pos_only=0.563728 | positive_recall=0.985714 | negative_fpr=0.271930 | stage1_score=0.527763 | lr_encoder=5.000000e-05 | lr_decoder=2.000000e-04
epoch 10/30 | encoder_frozen=False | train_patches=4794 | replay_patches=625 | train_loss=0.634079 | val_loss=0.636211 | patch_dice_all=0.666753 | patch_dice_pos_only=0.616823 | positive_recall=0.964286 | negative_fpr=0.271930 | stage1_score=0.580858 | lr_encoder=5.000000e-05 | lr_decoder=2.000000e-04
epoch 11/30 | encoder_frozen=False | train_patches=4794 | replay_patches=625 | train_loss=0.630503 | val_loss=0.630679 | patch_dice_all=0.714364 | patch_dice_pos_only=0.646061 | positive_recall=0.953571 | negative_fpr=0.201754 | stage1_score=0.645184 | lr_encoder=5.000000e-05 | lr_decoder=2.000000e-04
epoch 12/30 | encoder_frozen=False | train_patches=4794 | replay_patches=512 | train_loss=0.623967 | val_loss=0.630727 | patch_dice_all=0.751508 | patch_dice_pos_only=0.684879 | positive_recall=0.953571 | negative_fpr=0.166667 | stage1_score=0.684879 | lr_encoder=5.000000e-05 | lr_decoder=2.000000e-04
epoch 13/30 | encoder_frozen=False | train_patches=4681 | replay_patches=512 | train_loss=0.619118 | val_loss=0.624397 | patch_dice_all=0.756630 | patch_dice_pos_only=0.679885 | positive_recall=0.950000 | negative_fpr=0.149123 | stage1_score=0.679885 | lr_encoder=5.000000e-05 | lr_decoder=2.000000e-04
epoch 14/30 | encoder_frozen=False | train_patches=4681 | replay_patches=512 | train_loss=0.614180 | val_loss=0.622568 | patch_dice_all=0.735349 | patch_dice_pos_only=0.644847 | positive_recall=0.978571 | negative_fpr=0.153509 | stage1_score=0.644847 | lr_encoder=5.000000e-05 | lr_decoder=2.000000e-04
epoch 15/30 | encoder_frozen=False | train_patches=4681 | replay_patches=501 | train_loss=0.611776 | val_loss=0.624814 | patch_dice_all=0.730364 | patch_dice_pos_only=0.610804 | positive_recall=0.967857 | negative_fpr=0.122807 | stage1_score=0.610804 | lr_encoder=5.000000e-05 | lr_decoder=2.000000e-04
epoch 16/30 | encoder_frozen=False | train_patches=4670 | replay_patches=501 | train_loss=0.612074 | val_loss=0.622270 | patch_dice_all=0.762054 | patch_dice_pos_only=0.643299 | positive_recall=0.996429 | negative_fpr=0.092105 | stage1_score=0.643299 | lr_encoder=5.000000e-05 | lr_decoder=2.000000e-04
epoch 17/30 | encoder_frozen=False | train_patches=4670 | replay_patches=501 | train_loss=0.605311 | val_loss=0.618330 | patch_dice_all=0.799900 | patch_dice_pos_only=0.726246 | positive_recall=0.992857 | negative_fpr=0.109649 | stage1_score=0.726246 | lr_encoder=2.500000e-05 | lr_decoder=1.000000e-04
epoch 18/30 | encoder_frozen=False | train_patches=4670 | replay_patches=439 | train_loss=0.603333 | val_loss=0.616557 | patch_dice_all=0.806357 | patch_dice_pos_only=0.720105 | positive_recall=0.992857 | negative_fpr=0.087719 | stage1_score=0.720105 | lr_encoder=2.500000e-05 | lr_decoder=1.000000e-04
epoch 19/30 | encoder_frozen=False | train_patches=4608 | replay_patches=439 | train_loss=0.601215 | val_loss=0.613388 | patch_dice_all=0.761180 | patch_dice_pos_only=0.695283 | positive_recall=1.000000 | negative_fpr=0.157895 | stage1_score=0.695283 | lr_encoder=2.500000e-05 | lr_decoder=1.000000e-04
epoch 20/30 | encoder_frozen=False | train_patches=4608 | replay_patches=439 | train_loss=0.598157 | val_loss=0.609855 | patch_dice_all=0.714547 | patch_dice_pos_only=0.674964 | positive_recall=0.989286 | negative_fpr=0.236842 | stage1_score=0.656543 | lr_encoder=2.500000e-05 | lr_decoder=1.000000e-04
epoch 21/30 | encoder_frozen=False | train_patches=4608 | replay_patches=487 | train_loss=0.596716 | val_loss=0.612547 | patch_dice_all=0.790905 | patch_dice_pos_only=0.717071 | positive_recall=0.996429 | negative_fpr=0.118421 | stage1_score=0.717071 | lr_encoder=2.500000e-05 | lr_decoder=1.000000e-04
epoch 22/30 | encoder_frozen=False | train_patches=4656 | replay_patches=487 | train_loss=0.595796 | val_loss=0.607717 | patch_dice_all=0.760481 | patch_dice_pos_only=0.683301 | positive_recall=1.000000 | negative_fpr=0.144737 | stage1_score=0.683301 | lr_encoder=1.250000e-05 | lr_decoder=5.000000e-05
epoch 23/30 | encoder_frozen=False | train_patches=4656 | replay_patches=487 | train_loss=0.594894 | val_loss=0.606466 | patch_dice_all=0.764858 | patch_dice_pos_only=0.673386 | positive_recall=1.000000 | negative_fpr=0.122807 | stage1_score=0.673386 | lr_encoder=1.250000e-05 | lr_decoder=5.000000e-05
epoch 24/30 | encoder_frozen=False | train_patches=4656 | replay_patches=474 | train_loss=0.593730 | val_loss=0.605498 | patch_dice_all=0.793554 | patch_dice_pos_only=0.718306 | positive_recall=0.996429 | negative_fpr=0.114035 | stage1_score=0.718306 | lr_encoder=1.250000e-05 | lr_decoder=5.000000e-05
epoch 25/30 | encoder_frozen=False | train_patches=4643 | replay_patches=474 | train_loss=0.591716 | val_loss=0.606362 | patch_dice_all=0.764899 | patch_dice_pos_only=0.669888 | positive_recall=1.000000 | negative_fpr=0.118421 | stage1_score=0.669888 | lr_encoder=1.250000e-05 | lr_decoder=5.000000e-05
epoch 26/30 | encoder_frozen=False | train_patches=4643 | replay_patches=474 | train_loss=0.592034 | val_loss=0.604870 | patch_dice_all=0.797131 | patch_dice_pos_only=0.721224 | positive_recall=1.000000 | negative_fpr=0.109649 | stage1_score=0.721224 | lr_encoder=6.250000e-06 | lr_decoder=2.500000e-05
epoch 27/30 | encoder_frozen=False | train_patches=4643 | replay_patches=506 | train_loss=0.589715 | val_loss=0.603843 | patch_dice_all=0.783556 | patch_dice_pos_only=0.707309 | positive_recall=1.000000 | negative_fpr=0.122807 | stage1_score=0.707309 | lr_encoder=6.250000e-06 | lr_decoder=2.500000e-05
epoch 28/30 | encoder_frozen=False | train_patches=4675 | replay_patches=506 | train_loss=0.589563 | val_loss=0.603170 | patch_dice_all=0.787227 | patch_dice_pos_only=0.699683 | positive_recall=1.000000 | negative_fpr=0.105263 | stage1_score=0.699683 | lr_encoder=6.250000e-06 | lr_decoder=2.500000e-05
epoch 29/30 | encoder_frozen=False | train_patches=4675 | replay_patches=506 | train_loss=0.588802 | val_loss=0.604550 | patch_dice_all=0.803583 | patch_dice_pos_only=0.732930 | positive_recall=1.000000 | negative_fpr=0.109649 | stage1_score=0.732930 | lr_encoder=6.250000e-06 | lr_decoder=2.500000e-05
epoch 30/30 | encoder_frozen=False | train_patches=4675 | replay_patches=518 | train_loss=0.587156 | val_loss=0.602613 | patch_dice_all=0.768037 | patch_dice_pos_only=0.689868 | positive_recall=1.000000 | negative_fpr=0.135965 | stage1_score=0.689868 | lr_encoder=6.250000e-06 | lr_decoder=2.500000e-05
stage1 training finished.
